{"/home/travis/build/npmtest/node-npmtest-laravel-mix/test.js":{"path":"/home/travis/build/npmtest/node-npmtest-laravel-mix/test.js","s":{"1":2,"2":2,"3":2,"4":2,"5":2,"6":2,"7":2,"8":1,"9":2,"10":2,"11":1,"12":1,"13":1,"14":1,"15":2,"16":2,"17":2,"18":2,"19":1,"20":1,"21":2,"22":2,"23":2,"24":1,"25":1,"26":1,"27":1,"28":1,"29":1,"30":1,"31":1,"32":1,"33":1,"34":1,"35":1,"36":1,"37":1,"38":1,"39":2,"40":2,"41":1,"42":2,"43":2,"44":1,"45":2,"46":2,"47":1,"48":2,"49":2,"50":1,"51":1,"52":1,"53":1,"54":1},"b":{"1":[2,1,1,1],"2":[1,1,1,1],"3":[1,1],"4":[1,1],"5":[1,1],"6":[1,1],"7":[1,1],"8":[1,1],"9":[1,1],"10":[1,1,1],"11":[1,1],"12":[1,1],"13":[1,1],"14":[1,1],"15":[1,1],"16":[1,1],"17":[1,1]},"f":{"1":2,"2":2,"3":2,"4":2,"5":2,"6":1,"7":1,"8":1,"9":2,"10":2,"11":2,"12":2,"13":1},"fnMap":{"1":{"name":"(anonymous_1)","line":12,"loc":{"start":{"line":12,"column":1},"end":{"line":12,"column":13}}},"2":{"name":"(anonymous_2)","line":19,"loc":{"start":{"line":19,"column":5},"end":{"line":19,"column":17}}},"3":{"name":"(anonymous_3)","line":23,"loc":{"start":{"line":23,"column":24},"end":{"line":23,"column":36}}},"4":{"name":"(anonymous_4)","line":61,"loc":{"start":{"line":61,"column":5},"end":{"line":61,"column":17}}},"5":{"name":"(anonymous_5)","line":82,"loc":{"start":{"line":82,"column":5},"end":{"line":82,"column":17}}},"6":{"name":"(anonymous_6)","line":91,"loc":{"start":{"line":91,"column":77},"end":{"line":94,"column":10}}},"7":{"name":"(anonymous_7)","line":112,"loc":{"start":{"line":112,"column":83},"end":{"line":115,"column":10}},"skip":true},"8":{"name":"(anonymous_8)","line":123,"loc":{"start":{"line":123,"column":77},"end":{"line":126,"column":10}},"skip":true},"9":{"name":"(anonymous_9)","line":139,"loc":{"start":{"line":139,"column":12},"end":{"line":139,"column":40}},"skip":true},"10":{"name":"(anonymous_10)","line":147,"loc":{"start":{"line":147,"column":77},"end":{"line":150,"column":10}},"skip":true},"11":{"name":"(anonymous_11)","line":158,"loc":{"start":{"line":158,"column":83},"end":{"line":161,"column":10}},"skip":true},"12":{"name":"(anonymous_12)","line":169,"loc":{"start":{"line":169,"column":79},"end":{"line":172,"column":10}},"skip":true},"13":{"name":"(anonymous_13)","line":180,"loc":{"start":{"line":180,"column":75},"end":{"line":183,"column":10}},"skip":true}},"statementMap":{"1":{"start":{"line":12,"column":0},"end":{"line":195,"column":5}},"2":{"start":{"line":14,"column":4},"end":{"line":14,"column":14}},"3":{"start":{"line":19,"column":4},"end":{"line":56,"column":9}},"4":{"start":{"line":21,"column":8},"end":{"line":21,"column":19}},"5":{"start":{"line":23,"column":8},"end":{"line":35,"column":13}},"6":{"start":{"line":24,"column":12},"end":{"line":34,"column":13}},"7":{"start":{"line":25,"column":16},"end":{"line":28,"column":30}},"8":{"start":{"line":30,"column":16},"end":{"line":33,"column":27}},"9":{"start":{"line":37,"column":8},"end":{"line":39,"column":21}},"10":{"start":{"line":40,"column":8},"end":{"line":53,"column":9}},"11":{"start":{"line":43,"column":12},"end":{"line":46,"column":14}},"12":{"start":{"line":47,"column":12},"end":{"line":47,"column":18}},"13":{"start":{"line":50,"column":12},"end":{"line":51,"column":46}},"14":{"start":{"line":52,"column":12},"end":{"line":52,"column":18}},"15":{"start":{"line":55,"column":8},"end":{"line":55,"column":35}},"16":{"start":{"line":61,"column":4},"end":{"line":63,"column":9}},"17":{"start":{"line":62,"column":8},"end":{"line":62,"column":15}},"18":{"start":{"line":64,"column":4},"end":{"line":77,"column":5}},"19":{"start":{"line":70,"column":8},"end":{"line":70,"column":14}},"20":{"start":{"line":76,"column":8},"end":{"line":76,"column":14}},"21":{"start":{"line":82,"column":4},"end":{"line":84,"column":9}},"22":{"start":{"line":83,"column":8},"end":{"line":83,"column":15}},"23":{"start":{"line":85,"column":4},"end":{"line":194,"column":5}},"24":{"start":{"line":91,"column":8},"end":{"line":99,"column":10}},"25":{"start":{"line":98,"column":12},"end":{"line":98,"column":35}},"26":{"start":{"line":102,"column":8},"end":{"line":104,"column":63}},"27":{"start":{"line":105,"column":8},"end":{"line":105,"column":14}},"28":{"start":{"line":112,"column":8},"end":{"line":121,"column":10},"skip":true},"29":{"start":{"line":119,"column":12},"end":{"line":119,"column":55},"skip":true},"30":{"start":{"line":120,"column":12},"end":{"line":120,"column":48},"skip":true},"31":{"start":{"line":123,"column":8},"end":{"line":136,"column":10},"skip":true},"32":{"start":{"line":130,"column":12},"end":{"line":130,"column":76},"skip":true},"33":{"start":{"line":131,"column":12},"end":{"line":131,"column":73},"skip":true},"34":{"start":{"line":132,"column":12},"end":{"line":132,"column":74},"skip":true},"35":{"start":{"line":133,"column":12},"end":{"line":133,"column":79},"skip":true},"36":{"start":{"line":134,"column":12},"end":{"line":134,"column":25},"skip":true},"37":{"start":{"line":135,"column":12},"end":{"line":135,"column":45},"skip":true},"38":{"start":{"line":138,"column":8},"end":{"line":145,"column":14},"skip":true},"39":{"start":{"line":143,"column":16},"end":{"line":143,"column":29},"skip":true},"40":{"start":{"line":144,"column":16},"end":{"line":144,"column":55},"skip":true},"41":{"start":{"line":147,"column":8},"end":{"line":156,"column":10},"skip":true},"42":{"start":{"line":154,"column":12},"end":{"line":154,"column":25},"skip":true},"43":{"start":{"line":155,"column":12},"end":{"line":155,"column":45},"skip":true},"44":{"start":{"line":158,"column":8},"end":{"line":167,"column":10},"skip":true},"45":{"start":{"line":165,"column":12},"end":{"line":165,"column":25},"skip":true},"46":{"start":{"line":166,"column":12},"end":{"line":166,"column":48},"skip":true},"47":{"start":{"line":169,"column":8},"end":{"line":178,"column":10},"skip":true},"48":{"start":{"line":176,"column":12},"end":{"line":176,"column":25},"skip":true},"49":{"start":{"line":177,"column":12},"end":{"line":177,"column":46},"skip":true},"50":{"start":{"line":180,"column":8},"end":{"line":189,"column":10},"skip":true},"51":{"start":{"line":187,"column":12},"end":{"line":187,"column":94},"skip":true},"52":{"start":{"line":188,"column":12},"end":{"line":188,"column":48},"skip":true},"53":{"start":{"line":192,"column":8},"end":{"line":192,"column":35},"skip":true},"54":{"start":{"line":193,"column":8},"end":{"line":193,"column":14},"skip":true}},"branchMap":{"1":{"line":25,"type":"binary-expr","locations":[{"start":{"line":25,"column":23},"end":{"line":25,"column":62}},{"start":{"line":26,"column":20},"end":{"line":26,"column":70}},{"start":{"line":27,"column":20},"end":{"line":27,"column":71}},{"start":{"line":28,"column":20},"end":{"line":28,"column":29}}]},"2":{"line":30,"type":"binary-expr","locations":[{"start":{"line":30,"column":23},"end":{"line":30,"column":37}},{"start":{"line":31,"column":20},"end":{"line":31,"column":61}},{"start":{"line":32,"column":20},"end":{"line":32,"column":70}},{"start":{"line":33,"column":20},"end":{"line":33,"column":26}}]},"3":{"line":37,"type":"cond-expr","locations":[{"start":{"line":38,"column":14},"end":{"line":38,"column":20}},{"start":{"line":39,"column":14},"end":{"line":39,"column":20}}]},"4":{"line":40,"type":"switch","locations":[{"start":{"line":42,"column":8},"end":{"line":47,"column":18}},{"start":{"line":49,"column":8},"end":{"line":52,"column":18}}]},"5":{"line":44,"type":"binary-expr","locations":[{"start":{"line":44,"column":16},"end":{"line":44,"column":44}},{"start":{"line":44,"column":48},"end":{"line":44,"column":66}}]},"6":{"line":50,"type":"binary-expr","locations":[{"start":{"line":50,"column":21},"end":{"line":50,"column":49}},{"start":{"line":50,"column":53},"end":{"line":50,"column":72}}]},"7":{"line":64,"type":"switch","locations":[{"start":{"line":69,"column":4},"end":{"line":70,"column":14}},{"start":{"line":75,"column":4},"end":{"line":76,"column":14}}]},"8":{"line":85,"type":"switch","locations":[{"start":{"line":90,"column":4},"end":{"line":105,"column":14}},{"start":{"line":111,"column":4},"end":{"line":193,"column":14},"skip":true}]},"9":{"line":91,"type":"binary-expr","locations":[{"start":{"line":91,"column":42},"end":{"line":91,"column":73}},{"start":{"line":91,"column":77},"end":{"line":99,"column":9}}]},"10":{"line":102,"type":"binary-expr","locations":[{"start":{"line":102,"column":18},"end":{"line":102,"column":32}},{"start":{"line":103,"column":12},"end":{"line":103,"column":53}},{"start":{"line":104,"column":12},"end":{"line":104,"column":61}}]},"11":{"line":112,"type":"binary-expr","locations":[{"start":{"line":112,"column":45},"end":{"line":112,"column":79},"skip":true},{"start":{"line":112,"column":83},"end":{"line":121,"column":9},"skip":true}]},"12":{"line":123,"type":"binary-expr","locations":[{"start":{"line":123,"column":42},"end":{"line":123,"column":73},"skip":true},{"start":{"line":123,"column":77},"end":{"line":136,"column":9},"skip":true}]},"13":{"line":138,"type":"binary-expr","locations":[{"start":{"line":138,"column":48},"end":{"line":138,"column":85},"skip":true},{"start":{"line":139,"column":12},"end":{"line":145,"column":13},"skip":true}]},"14":{"line":147,"type":"binary-expr","locations":[{"start":{"line":147,"column":42},"end":{"line":147,"column":73},"skip":true},{"start":{"line":147,"column":77},"end":{"line":156,"column":9},"skip":true}]},"15":{"line":158,"type":"binary-expr","locations":[{"start":{"line":158,"column":45},"end":{"line":158,"column":79},"skip":true},{"start":{"line":158,"column":83},"end":{"line":167,"column":9},"skip":true}]},"16":{"line":169,"type":"binary-expr","locations":[{"start":{"line":169,"column":43},"end":{"line":169,"column":75},"skip":true},{"start":{"line":169,"column":79},"end":{"line":178,"column":9},"skip":true}]},"17":{"line":180,"type":"binary-expr","locations":[{"start":{"line":180,"column":41},"end":{"line":180,"column":71},"skip":true},{"start":{"line":180,"column":75},"end":{"line":189,"column":9},"skip":true}]}},"code":["/* istanbul instrument in package npmtest_laravel_mix */","/*jslint","    bitwise: true,","    browser: true,","    maxerr: 8,","    maxlen: 96,","    node: true,","    nomen: true,","    regexp: true,","    stupid: true","*/","(function () {","    'use strict';","    var local;","","","","    // run shared js-env code - pre-init","    (function () {","        // init local","        local = {};","        // init modeJs","        local.modeJs = (function () {","            try {","                return typeof navigator.userAgent === 'string' &&","                    typeof document.querySelector('body') === 'object' &&","                    typeof XMLHttpRequest.prototype.open === 'function' &&","                    'browser';","            } catch (errorCaughtBrowser) {","                return module.exports &&","                    typeof process.versions.node === 'string' &&","                    typeof require('http').createServer === 'function' &&","                    'node';","            }","        }());","        // init global","        local.global = local.modeJs === 'browser'","            ? window","            : global;","        switch (local.modeJs) {","        // re-init local from window.local","        case 'browser':","            local = local.global.utility2.objectSetDefault(","                local.global.utility2_rollup || local.global.local,","                local.global.utility2","            );","            break;","        // re-init local from example.js","        case 'node':","            local = (local.global.utility2_rollup || require('utility2'))","                .requireExampleJsFromReadme();","            break;","        }","        // export local","        local.global.local = local;","    }());","","","","    // run shared js-env code - function","    (function () {","        return;","    }());","    switch (local.modeJs) {","","","","    // run browser js-env code - function","    case 'browser':","        break;","","","","    // run node js-env code - function","    case 'node':","        break;","    }","","","","    // run shared js-env code - post-init","    (function () {","        return;","    }());","    switch (local.modeJs) {","","","","    // run browser js-env code - post-init","    case 'browser':","        local.testCase_browser_nullCase = local.testCase_browser_nullCase || function (","            options,","            onError","        ) {","        /*","         * this function will test browsers's null-case handling-behavior-behavior","         */","            onError(null, options);","        };","","        // run tests","        local.nop(local.modeTest &&","            document.querySelector('#testRunButton1') &&","            document.querySelector('#testRunButton1').click());","        break;","","","","    // run node js-env code - post-init","    /* istanbul ignore next */","    case 'node':","        local.testCase_buildApidoc_default = local.testCase_buildApidoc_default || function (","            options,","            onError","        ) {","        /*","         * this function will test buildApidoc's default handling-behavior-behavior","         */","            options = { modulePathList: module.paths };","            local.buildApidoc(options, onError);","        };","","        local.testCase_buildApp_default = local.testCase_buildApp_default || function (","            options,","            onError","        ) {","        /*","         * this function will test buildApp's default handling-behavior-behavior","         */","            local.testCase_buildReadme_default(options, local.onErrorThrow);","            local.testCase_buildLib_default(options, local.onErrorThrow);","            local.testCase_buildTest_default(options, local.onErrorThrow);","            local.testCase_buildCustomOrg_default(options, local.onErrorThrow);","            options = [];","            local.buildApp(options, onError);","        };","","        local.testCase_buildCustomOrg_default = local.testCase_buildCustomOrg_default ||","            function (options, onError) {","            /*","             * this function will test buildCustomOrg's default handling-behavior","             */","                options = {};","                local.buildCustomOrg(options, onError);","            };","","        local.testCase_buildLib_default = local.testCase_buildLib_default || function (","            options,","            onError","        ) {","        /*","         * this function will test buildLib's default handling-behavior","         */","            options = {};","            local.buildLib(options, onError);","        };","","        local.testCase_buildReadme_default = local.testCase_buildReadme_default || function (","            options,","            onError","        ) {","        /*","         * this function will test buildReadme's default handling-behavior-behavior","         */","            options = {};","            local.buildReadme(options, onError);","        };","","        local.testCase_buildTest_default = local.testCase_buildTest_default || function (","            options,","            onError","        ) {","        /*","         * this function will test buildTest's default handling-behavior","         */","            options = {};","            local.buildTest(options, onError);","        };","","        local.testCase_webpage_default = local.testCase_webpage_default || function (","            options,","            onError","        ) {","        /*","         * this function will test webpage's default handling-behavior","         */","            options = { modeCoverageMerge: true, url: local.serverLocalHost + '?modeTest=1' };","            local.browserTest(options, onError);","        };","","        // run test-server","        local.testRunServer(local);","        break;","    }","}());",""],"l":{"12":2,"14":2,"19":2,"21":2,"23":2,"24":2,"25":2,"30":1,"37":2,"40":2,"43":1,"47":1,"50":1,"52":1,"55":2,"61":2,"62":2,"64":2,"70":1,"76":1,"82":2,"83":2,"85":2,"91":1,"98":1,"102":1,"105":1,"112":1,"119":1,"120":1,"123":1,"130":1,"131":1,"132":1,"133":1,"134":1,"135":1,"138":1,"143":2,"144":2,"147":1,"154":2,"155":2,"158":1,"165":2,"166":2,"169":1,"176":2,"177":2,"180":1,"187":1,"188":1,"192":1,"193":1}},"/home/travis/build/npmtest/node-npmtest-laravel-mix/lib.npmtest_laravel_mix.js":{"path":"/home/travis/build/npmtest/node-npmtest-laravel-mix/lib.npmtest_laravel_mix.js","s":{"1":2,"2":2,"3":2,"4":2,"5":2,"6":2,"7":2,"8":1,"9":2,"10":2,"11":2,"12":2,"13":1,"14":1,"15":1,"16":1},"b":{"1":[2,1,1,1],"2":[1,1,1,1],"3":[1,1],"4":[2,2],"5":[1,1]},"f":{"1":2,"2":2,"3":2},"fnMap":{"1":{"name":"(anonymous_1)","line":12,"loc":{"start":{"line":12,"column":1},"end":{"line":12,"column":13}}},"2":{"name":"(anonymous_2)","line":19,"loc":{"start":{"line":19,"column":5},"end":{"line":19,"column":17}}},"3":{"name":"(anonymous_3)","line":23,"loc":{"start":{"line":23,"column":24},"end":{"line":23,"column":36}}}},"statementMap":{"1":{"start":{"line":12,"column":0},"end":{"line":53,"column":5}},"2":{"start":{"line":14,"column":4},"end":{"line":14,"column":14}},"3":{"start":{"line":19,"column":4},"end":{"line":52,"column":9}},"4":{"start":{"line":21,"column":8},"end":{"line":21,"column":19}},"5":{"start":{"line":23,"column":8},"end":{"line":35,"column":13}},"6":{"start":{"line":24,"column":12},"end":{"line":34,"column":13}},"7":{"start":{"line":25,"column":16},"end":{"line":28,"column":30}},"8":{"start":{"line":30,"column":16},"end":{"line":33,"column":27}},"9":{"start":{"line":37,"column":8},"end":{"line":39,"column":21}},"10":{"start":{"line":41,"column":8},"end":{"line":41,"column":54}},"11":{"start":{"line":43,"column":8},"end":{"line":43,"column":56}},"12":{"start":{"line":45,"column":8},"end":{"line":51,"column":9}},"13":{"start":{"line":46,"column":12},"end":{"line":46,"column":62}},"14":{"start":{"line":48,"column":12},"end":{"line":48,"column":35}},"15":{"start":{"line":49,"column":12},"end":{"line":49,"column":49}},"16":{"start":{"line":50,"column":12},"end":{"line":50,"column":43}}},"branchMap":{"1":{"line":25,"type":"binary-expr","locations":[{"start":{"line":25,"column":23},"end":{"line":25,"column":62}},{"start":{"line":26,"column":20},"end":{"line":26,"column":70}},{"start":{"line":27,"column":20},"end":{"line":27,"column":71}},{"start":{"line":28,"column":20},"end":{"line":28,"column":29}}]},"2":{"line":30,"type":"binary-expr","locations":[{"start":{"line":30,"column":23},"end":{"line":30,"column":37}},{"start":{"line":31,"column":20},"end":{"line":31,"column":61}},{"start":{"line":32,"column":20},"end":{"line":32,"column":70}},{"start":{"line":33,"column":20},"end":{"line":33,"column":26}}]},"3":{"line":37,"type":"cond-expr","locations":[{"start":{"line":38,"column":14},"end":{"line":38,"column":20}},{"start":{"line":39,"column":14},"end":{"line":39,"column":20}}]},"4":{"line":41,"type":"binary-expr","locations":[{"start":{"line":41,"column":16},"end":{"line":41,"column":44}},{"start":{"line":41,"column":48},"end":{"line":41,"column":53}}]},"5":{"line":45,"type":"if","locations":[{"start":{"line":45,"column":8},"end":{"line":45,"column":8}},{"start":{"line":45,"column":8},"end":{"line":45,"column":8}}]}},"code":["/* istanbul instrument in package npmtest_laravel_mix */","/*jslint","    bitwise: true,","    browser: true,","    maxerr: 8,","    maxlen: 96,","    node: true,","    nomen: true,","    regexp: true,","    stupid: true","*/","(function () {","    'use strict';","    var local;","","","","    // run shared js-env code - pre-init","    (function () {","        // init local","        local = {};","        // init modeJs","        local.modeJs = (function () {","            try {","                return typeof navigator.userAgent === 'string' &&","                    typeof document.querySelector('body') === 'object' &&","                    typeof XMLHttpRequest.prototype.open === 'function' &&","                    'browser';","            } catch (errorCaughtBrowser) {","                return module.exports &&","                    typeof process.versions.node === 'string' &&","                    typeof require('http').createServer === 'function' &&","                    'node';","            }","        }());","        // init global","        local.global = local.modeJs === 'browser'","            ? window","            : global;","        // init utility2_rollup","        local = local.global.utility2_rollup || local;","        // init lib","        local.local = local.npmtest_laravel_mix = local;","        // init exports","        if (local.modeJs === 'browser') {","            local.global.utility2_npmtest_laravel_mix = local;","        } else {","            module.exports = local;","            module.exports.__dirname = __dirname;","            module.exports.module = module;","        }","    }());","}());",""],"l":{"12":2,"14":2,"19":2,"21":2,"23":2,"24":2,"25":2,"30":1,"37":2,"41":2,"43":2,"45":2,"46":1,"48":1,"49":1,"50":1}},"/home/travis/build/npmtest/node-npmtest-laravel-mix/example.js":{"path":"/home/travis/build/npmtest/node-npmtest-laravel-mix/example.js","s":{"1":2,"2":2,"3":2,"4":2,"5":2,"6":2,"7":2,"8":1,"9":2,"10":2,"11":2,"12":2,"13":1,"14":2,"15":2,"16":2,"17":2,"18":2,"19":0,"20":2,"21":1,"22":1,"23":1,"24":1,"25":1,"26":0,"27":0,"28":1,"29":1,"30":2,"31":0,"32":0,"33":0,"34":1,"35":2,"36":2,"37":3,"38":3,"39":3,"40":3,"41":0,"42":3,"43":3,"44":3,"45":1,"46":3,"47":1,"48":1,"49":1,"50":1,"51":1,"52":1,"53":1,"54":1,"55":1,"56":1,"57":0,"58":1,"59":6,"60":6,"61":1,"62":2,"63":0,"64":2,"65":1,"66":1,"67":0,"68":0,"69":0,"70":0,"71":0,"72":0,"73":0,"74":0,"75":0,"76":0,"77":0,"78":0,"79":0,"80":0,"81":0,"82":0,"83":0},"b":{"1":[2,1,1,1],"2":[1,1,1,1],"3":[1,1],"4":[2,2],"5":[1,1],"6":[1,1],"7":[2,0],"8":[2,1,1,1,1,1],"9":[0,2,0],"10":[1,1],"11":[2,1,1],"12":[1,0],"13":[0,2],"14":[2,0,0,0,0,0,0],"15":[0,3],"16":[3,0],"17":[1,1],"18":[0,1],"19":[1,2,0,2],"20":[1,0],"21":[1,1],"22":[0,0],"23":[0,0],"24":[0,0],"25":[0,0],"26":[0,0],"27":[0,0],"28":[0,0]},"f":{"1":2,"2":2,"3":2,"4":2,"5":2,"6":2,"7":3,"8":3,"9":3,"10":1,"11":6,"12":0},"fnMap":{"1":{"name":"(anonymous_1)","line":26,"loc":{"start":{"line":26,"column":1},"end":{"line":26,"column":13}}},"2":{"name":"(anonymous_2)","line":33,"loc":{"start":{"line":33,"column":5},"end":{"line":33,"column":17}}},"3":{"name":"(anonymous_3)","line":37,"loc":{"start":{"line":37,"column":24},"end":{"line":37,"column":36}}},"4":{"name":"(anonymous_4)","line":69,"loc":{"start":{"line":69,"column":31},"end":{"line":69,"column":48}},"skip":true},"5":{"name":"(anonymous_5)","line":78,"loc":{"start":{"line":78,"column":26},"end":{"line":78,"column":45}},"skip":true},"6":{"name":"(anonymous_6)","line":123,"loc":{"start":{"line":123,"column":33},"end":{"line":123,"column":48}},"skip":true},"7":{"name":"(anonymous_7)","line":125,"loc":{"start":{"line":125,"column":27},"end":{"line":125,"column":39}},"skip":true},"8":{"name":"(anonymous_8)","line":133,"loc":{"start":{"line":133,"column":59},"end":{"line":133,"column":74}},"skip":true},"9":{"name":"(anonymous_9)","line":143,"loc":{"start":{"line":143,"column":45},"end":{"line":143,"column":62}},"skip":true},"10":{"name":"(anonymous_10)","line":144,"loc":{"start":{"line":144,"column":73},"end":{"line":144,"column":92}},"skip":true},"11":{"name":"(anonymous_11)","line":272,"loc":{"start":{"line":272,"column":51},"end":{"line":272,"column":77}},"skip":true},"12":{"name":"(anonymous_12)","line":315,"loc":{"start":{"line":315,"column":32},"end":{"line":315,"column":61}},"skip":true}},"statementMap":{"1":{"start":{"line":26,"column":0},"end":{"line":326,"column":5}},"2":{"start":{"line":28,"column":4},"end":{"line":28,"column":14}},"3":{"start":{"line":33,"column":4},"end":{"line":60,"column":9}},"4":{"start":{"line":35,"column":8},"end":{"line":35,"column":19}},"5":{"start":{"line":37,"column":8},"end":{"line":49,"column":13}},"6":{"start":{"line":38,"column":12},"end":{"line":48,"column":13}},"7":{"start":{"line":39,"column":16},"end":{"line":42,"column":30}},"8":{"start":{"line":44,"column":16},"end":{"line":47,"column":27}},"9":{"start":{"line":51,"column":8},"end":{"line":53,"column":21}},"10":{"start":{"line":55,"column":8},"end":{"line":57,"column":45}},"11":{"start":{"line":59,"column":8},"end":{"line":59,"column":35}},"12":{"start":{"line":61,"column":4},"end":{"line":325,"column":5}},"13":{"start":{"line":69,"column":8},"end":{"line":121,"column":10},"skip":true},"14":{"start":{"line":70,"column":12},"end":{"line":88,"column":13},"skip":true},"15":{"start":{"line":76,"column":16},"end":{"line":87,"column":19},"skip":true},"16":{"start":{"line":79,"column":20},"end":{"line":86,"column":21},"skip":true},"17":{"start":{"line":82,"column":24},"end":{"line":82,"column":43},"skip":true},"18":{"start":{"line":83,"column":24},"end":{"line":83,"column":30},"skip":true},"19":{"start":{"line":85,"column":24},"end":{"line":85,"column":49},"skip":true},"20":{"start":{"line":89,"column":12},"end":{"line":107,"column":13},"skip":true},"21":{"start":{"line":92,"column":16},"end":{"line":102,"column":17},"skip":true},"22":{"start":{"line":93,"column":20},"end":{"line":93,"column":86},"skip":true},"23":{"start":{"line":94,"column":20},"end":{"line":95,"column":45},"skip":true},"24":{"start":{"line":96,"column":20},"end":{"line":96,"column":42},"skip":true},"25":{"start":{"line":97,"column":20},"end":{"line":97,"column":48},"skip":true},"26":{"start":{"line":100,"column":20},"end":{"line":100,"column":85},"skip":true},"27":{"start":{"line":101,"column":20},"end":{"line":101,"column":96},"skip":true},"28":{"start":{"line":103,"column":16},"end":{"line":103,"column":22},"skip":true},"29":{"start":{"line":106,"column":16},"end":{"line":106,"column":22},"skip":true},"30":{"start":{"line":108,"column":12},"end":{"line":120,"column":13},"skip":true},"31":{"start":{"line":114,"column":16},"end":{"line":119,"column":17},"skip":true},"32":{"start":{"line":116,"column":20},"end":{"line":116,"column":78},"skip":true},"33":{"start":{"line":118,"column":20},"end":{"line":118,"column":47},"skip":true},"34":{"start":{"line":123,"column":8},"end":{"line":141,"column":11},"skip":true},"35":{"start":{"line":124,"column":12},"end":{"line":124,"column":54},"skip":true},"36":{"start":{"line":125,"column":12},"end":{"line":140,"column":14},"skip":true},"37":{"start":{"line":126,"column":16},"end":{"line":126,"column":28},"skip":true},"38":{"start":{"line":127,"column":16},"end":{"line":127,"column":69},"skip":true},"39":{"start":{"line":128,"column":16},"end":{"line":128,"column":75},"skip":true},"40":{"start":{"line":129,"column":16},"end":{"line":131,"column":17},"skip":true},"41":{"start":{"line":130,"column":20},"end":{"line":130,"column":27},"skip":true},"42":{"start":{"line":133,"column":16},"end":{"line":137,"column":36},"skip":true},"43":{"start":{"line":134,"column":20},"end":{"line":136,"column":55},"skip":true},"44":{"start":{"line":139,"column":16},"end":{"line":139,"column":57},"skip":true},"45":{"start":{"line":143,"column":8},"end":{"line":147,"column":11},"skip":true},"46":{"start":{"line":144,"column":12},"end":{"line":146,"column":15},"skip":true},"47":{"start":{"line":145,"column":16},"end":{"line":145,"column":70},"skip":true},"48":{"start":{"line":149,"column":8},"end":{"line":149,"column":31},"skip":true},"49":{"start":{"line":150,"column":8},"end":{"line":150,"column":14},"skip":true},"50":{"start":{"line":158,"column":8},"end":{"line":158,"column":31},"skip":true},"51":{"start":{"line":160,"column":8},"end":{"line":160,"column":33},"skip":true},"52":{"start":{"line":161,"column":8},"end":{"line":161,"column":37},"skip":true},"53":{"start":{"line":162,"column":8},"end":{"line":162,"column":35},"skip":true},"54":{"start":{"line":164,"column":8},"end":{"line":164,"column":50},"skip":true},"55":{"start":{"line":166,"column":8},"end":{"line":256,"column":2},"skip":true},"56":{"start":{"line":258,"column":8},"end":{"line":286,"column":9},"skip":true},"57":{"start":{"line":259,"column":12},"end":{"line":269,"column":14},"skip":true},"58":{"start":{"line":271,"column":12},"end":{"line":285,"column":19},"skip":true},"59":{"start":{"line":274,"column":20},"end":{"line":274,"column":35},"skip":true},"60":{"start":{"line":275,"column":20},"end":{"line":284,"column":21},"skip":true},"61":{"start":{"line":277,"column":24},"end":{"line":277,"column":64},"skip":true},"62":{"start":{"line":279,"column":24},"end":{"line":279,"column":40},"skip":true},"63":{"start":{"line":281,"column":24},"end":{"line":281,"column":40},"skip":true},"64":{"start":{"line":283,"column":24},"end":{"line":283,"column":39},"skip":true},"65":{"start":{"line":288,"column":8},"end":{"line":290,"column":9},"skip":true},"66":{"start":{"line":289,"column":12},"end":{"line":289,"column":18},"skip":true},"67":{"start":{"line":291,"column":8},"end":{"line":293,"column":54},"skip":true},"68":{"start":{"line":296,"column":8},"end":{"line":301,"column":37},"skip":true},"69":{"start":{"line":303,"column":8},"end":{"line":303,"column":82},"skip":true},"70":{"start":{"line":306,"column":8},"end":{"line":308,"column":9},"skip":true},"71":{"start":{"line":307,"column":12},"end":{"line":307,"column":82},"skip":true},"72":{"start":{"line":310,"column":8},"end":{"line":312,"column":9},"skip":true},"73":{"start":{"line":311,"column":12},"end":{"line":311,"column":18},"skip":true},"74":{"start":{"line":313,"column":8},"end":{"line":313,"column":54},"skip":true},"75":{"start":{"line":314,"column":8},"end":{"line":314,"column":69},"skip":true},"76":{"start":{"line":315,"column":8},"end":{"line":323,"column":36},"skip":true},"77":{"start":{"line":316,"column":12},"end":{"line":316,"column":61},"skip":true},"78":{"start":{"line":317,"column":12},"end":{"line":320,"column":13},"skip":true},"79":{"start":{"line":318,"column":16},"end":{"line":318,"column":75},"skip":true},"80":{"start":{"line":319,"column":16},"end":{"line":319,"column":23},"skip":true},"81":{"start":{"line":321,"column":12},"end":{"line":321,"column":38},"skip":true},"82":{"start":{"line":322,"column":12},"end":{"line":322,"column":27},"skip":true},"83":{"start":{"line":324,"column":8},"end":{"line":324,"column":14},"skip":true}},"branchMap":{"1":{"line":39,"type":"binary-expr","locations":[{"start":{"line":39,"column":23},"end":{"line":39,"column":62}},{"start":{"line":40,"column":20},"end":{"line":40,"column":70}},{"start":{"line":41,"column":20},"end":{"line":41,"column":71}},{"start":{"line":42,"column":20},"end":{"line":42,"column":29}}]},"2":{"line":44,"type":"binary-expr","locations":[{"start":{"line":44,"column":23},"end":{"line":44,"column":37}},{"start":{"line":45,"column":20},"end":{"line":45,"column":61}},{"start":{"line":46,"column":20},"end":{"line":46,"column":70}},{"start":{"line":47,"column":20},"end":{"line":47,"column":26}}]},"3":{"line":51,"type":"cond-expr","locations":[{"start":{"line":52,"column":14},"end":{"line":52,"column":20}},{"start":{"line":53,"column":14},"end":{"line":53,"column":20}}]},"4":{"line":55,"type":"binary-expr","locations":[{"start":{"line":55,"column":16},"end":{"line":55,"column":44}},{"start":{"line":55,"column":49},"end":{"line":57,"column":43}}]},"5":{"line":55,"type":"cond-expr","locations":[{"start":{"line":56,"column":14},"end":{"line":56,"column":55}},{"start":{"line":57,"column":14},"end":{"line":57,"column":43}}]},"6":{"line":61,"type":"switch","locations":[{"start":{"line":68,"column":4},"end":{"line":150,"column":14},"skip":true},{"start":{"line":156,"column":4},"end":{"line":324,"column":14},"skip":true}]},"7":{"line":70,"type":"if","locations":[{"start":{"line":70,"column":12},"end":{"line":70,"column":12},"skip":true},{"start":{"line":70,"column":12},"end":{"line":70,"column":12},"skip":true}]},"8":{"line":70,"type":"binary-expr","locations":[{"start":{"line":70,"column":16},"end":{"line":70,"column":22},"skip":true},{"start":{"line":70,"column":27},"end":{"line":70,"column":32},"skip":true},{"start":{"line":71,"column":20},"end":{"line":71,"column":39},"skip":true},{"start":{"line":72,"column":20},"end":{"line":72,"column":49},"skip":true},{"start":{"line":73,"column":20},"end":{"line":73,"column":58},"skip":true},{"start":{"line":74,"column":20},"end":{"line":74,"column":69},"skip":true}]},"9":{"line":79,"type":"switch","locations":[{"start":{"line":80,"column":20},"end":{"line":80,"column":33},"skip":true},{"start":{"line":81,"column":20},"end":{"line":83,"column":30},"skip":true},{"start":{"line":84,"column":20},"end":{"line":85,"column":49},"skip":true}]},"10":{"line":89,"type":"switch","locations":[{"start":{"line":90,"column":12},"end":{"line":103,"column":22},"skip":true},{"start":{"line":105,"column":12},"end":{"line":106,"column":22},"skip":true}]},"11":{"line":89,"type":"binary-expr","locations":[{"start":{"line":89,"column":20},"end":{"line":89,"column":25},"skip":true},{"start":{"line":89,"column":29},"end":{"line":89,"column":48},"skip":true},{"start":{"line":89,"column":52},"end":{"line":89,"column":74},"skip":true}]},"12":{"line":92,"type":"if","locations":[{"start":{"line":92,"column":16},"end":{"line":92,"column":16},"skip":true},{"start":{"line":92,"column":16},"end":{"line":92,"column":16},"skip":true}]},"13":{"line":108,"type":"if","locations":[{"start":{"line":108,"column":12},"end":{"line":108,"column":12},"skip":true},{"start":{"line":108,"column":12},"end":{"line":108,"column":12},"skip":true}]},"14":{"line":108,"type":"binary-expr","locations":[{"start":{"line":108,"column":16},"end":{"line":108,"column":61},"skip":true},{"start":{"line":108,"column":66},"end":{"line":108,"column":72},"skip":true},{"start":{"line":108,"column":77},"end":{"line":108,"column":82},"skip":true},{"start":{"line":109,"column":20},"end":{"line":109,"column":39},"skip":true},{"start":{"line":110,"column":20},"end":{"line":110,"column":49},"skip":true},{"start":{"line":111,"column":20},"end":{"line":111,"column":58},"skip":true},{"start":{"line":112,"column":20},"end":{"line":112,"column":68},"skip":true}]},"15":{"line":129,"type":"if","locations":[{"start":{"line":129,"column":16},"end":{"line":129,"column":16},"skip":true},{"start":{"line":129,"column":16},"end":{"line":129,"column":16},"skip":true}]},"16":{"line":134,"type":"cond-expr","locations":[{"start":{"line":135,"column":26},"end":{"line":135,"column":29},"skip":true},{"start":{"line":136,"column":26},"end":{"line":136,"column":54},"skip":true}]},"17":{"line":164,"type":"binary-expr","locations":[{"start":{"line":164,"column":27},"end":{"line":164,"column":43},"skip":true},{"start":{"line":164,"column":47},"end":{"line":164,"column":49},"skip":true}]},"18":{"line":258,"type":"if","locations":[{"start":{"line":258,"column":8},"end":{"line":258,"column":8},"skip":true},{"start":{"line":258,"column":8},"end":{"line":258,"column":8},"skip":true}]},"19":{"line":275,"type":"switch","locations":[{"start":{"line":276,"column":20},"end":{"line":277,"column":64},"skip":true},{"start":{"line":278,"column":20},"end":{"line":279,"column":40},"skip":true},{"start":{"line":280,"column":20},"end":{"line":281,"column":40},"skip":true},{"start":{"line":282,"column":20},"end":{"line":283,"column":39},"skip":true}]},"20":{"line":288,"type":"if","locations":[{"start":{"line":288,"column":8},"end":{"line":288,"column":8},"skip":true},{"start":{"line":288,"column":8},"end":{"line":288,"column":8},"skip":true}]},"21":{"line":288,"type":"binary-expr","locations":[{"start":{"line":288,"column":12},"end":{"line":288,"column":40},"skip":true},{"start":{"line":288,"column":44},"end":{"line":288,"column":67},"skip":true}]},"22":{"line":292,"type":"binary-expr","locations":[{"start":{"line":292,"column":12},"end":{"line":292,"column":50},"skip":true},{"start":{"line":293,"column":12},"end":{"line":293,"column":53},"skip":true}]},"23":{"line":297,"type":"binary-expr","locations":[{"start":{"line":297,"column":12},"end":{"line":297,"column":69},"skip":true},{"start":{"line":298,"column":12},"end":{"line":301,"column":36},"skip":true}]},"24":{"line":303,"type":"binary-expr","locations":[{"start":{"line":303,"column":43},"end":{"line":303,"column":75},"skip":true},{"start":{"line":303,"column":79},"end":{"line":303,"column":81},"skip":true}]},"25":{"line":306,"type":"if","locations":[{"start":{"line":306,"column":8},"end":{"line":306,"column":8},"skip":true},{"start":{"line":306,"column":8},"end":{"line":306,"column":8},"skip":true}]},"26":{"line":310,"type":"if","locations":[{"start":{"line":310,"column":8},"end":{"line":310,"column":8},"skip":true},{"start":{"line":310,"column":8},"end":{"line":310,"column":8},"skip":true}]},"27":{"line":313,"type":"binary-expr","locations":[{"start":{"line":313,"column":27},"end":{"line":313,"column":43},"skip":true},{"start":{"line":313,"column":47},"end":{"line":313,"column":53},"skip":true}]},"28":{"line":317,"type":"if","locations":[{"start":{"line":317,"column":12},"end":{"line":317,"column":12},"skip":true},{"start":{"line":317,"column":12},"end":{"line":317,"column":12},"skip":true}]}},"code":["/*","example.js","","quickstart example","","instruction","    1. save this script as example.js","    2. run the shell command:","        $ npm install npmtest-laravel-mix && PORT=8081 node example.js","    3. play with the browser-demo on http://127.0.0.1:8081","*/","","","","/* istanbul instrument in package npmtest_laravel_mix */","/*jslint","    bitwise: true,","    browser: true,","    maxerr: 8,","    maxlen: 96,","    node: true,","    nomen: true,","    regexp: true,","    stupid: true","*/","(function () {","    'use strict';","    var local;","","","","    // run shared js-env code - pre-init","    (function () {","        // init local","        local = {};","        // init modeJs","        local.modeJs = (function () {","            try {","                return typeof navigator.userAgent === 'string' &&","                    typeof document.querySelector('body') === 'object' &&","                    typeof XMLHttpRequest.prototype.open === 'function' &&","                    'browser';","            } catch (errorCaughtBrowser) {","                return module.exports &&","                    typeof process.versions.node === 'string' &&","                    typeof require('http').createServer === 'function' &&","                    'node';","            }","        }());","        // init global","        local.global = local.modeJs === 'browser'","            ? window","            : global;","        // init utility2_rollup","        local = local.global.utility2_rollup || (local.modeJs === 'browser'","            ? local.global.utility2_npmtest_laravel_mix","            : global.utility2_moduleExports);","        // export local","        local.global.local = local;","    }());","    switch (local.modeJs) {","","","","    // post-init","    // run browser js-env code - post-init","    /* istanbul ignore next */","    case 'browser':","        local.testRunBrowser = function (event) {","            if (!event || (event &&","                    event.currentTarget &&","                    event.currentTarget.className &&","                    event.currentTarget.className.includes &&","                    event.currentTarget.className.includes('onreset'))) {","                // reset output","                Array.from(","                    document.querySelectorAll('body > .resettable')","                ).forEach(function (element) {","                    switch (element.tagName) {","                    case 'INPUT':","                    case 'TEXTAREA':","                        element.value = '';","                        break;","                    default:","                        element.textContent = '';","                    }","                });","            }","            switch (event && event.currentTarget && event.currentTarget.id) {","            case 'testRunButton1':","                // show tests","                if (document.querySelector('#testReportDiv1').style.display === 'none') {","                    document.querySelector('#testReportDiv1').style.display = 'block';","                    document.querySelector('#testRunButton1').textContent =","                        'hide internal test';","                    local.modeTest = true;","                    local.testRunDefault(local);","                // hide tests","                } else {","                    document.querySelector('#testReportDiv1').style.display = 'none';","                    document.querySelector('#testRunButton1').textContent = 'run internal test';","                }","                break;","            // custom-case","            default:","                break;","            }","            if (document.querySelector('#inputTextareaEval1') && (!event || (event &&","                    event.currentTarget &&","                    event.currentTarget.className &&","                    event.currentTarget.className.includes &&","                    event.currentTarget.className.includes('oneval')))) {","                // try to eval input-code","                try {","                    /*jslint evil: true*/","                    eval(document.querySelector('#inputTextareaEval1').value);","                } catch (errorCaught) {","                    console.error(errorCaught);","                }","            }","        };","        // log stderr and stdout to #outputTextareaStdout1","        ['error', 'log'].forEach(function (key) {","            console[key + '_original'] = console[key];","            console[key] = function () {","                var element;","                console[key + '_original'].apply(console, arguments);","                element = document.querySelector('#outputTextareaStdout1');","                if (!element) {","                    return;","                }","                // append text to #outputTextareaStdout1","                element.value += Array.from(arguments).map(function (arg) {","                    return typeof arg === 'string'","                        ? arg","                        : JSON.stringify(arg, null, 4);","                }).join(' ') + '\\n';","                // scroll textarea to bottom","                element.scrollTop = element.scrollHeight;","            };","        });","        // init event-handling","        ['change', 'click', 'keyup'].forEach(function (event) {","            Array.from(document.querySelectorAll('.on' + event)).forEach(function (element) {","                element.addEventListener(event, local.testRunBrowser);","            });","        });","        // run tests","        local.testRunBrowser();","        break;","","","","    // run node js-env code - post-init","    /* istanbul ignore next */","    case 'node':","        // export local","        module.exports = local;","        // require modules","        local.fs = require('fs');","        local.http = require('http');","        local.url = require('url');","        // init assets","        local.assetsDict = local.assetsDict || {};","        /* jslint-ignore-begin */","        local.assetsDict['/assets.index.template.html'] = '\\","<!doctype html>\\n\\","<html lang=\"en\">\\n\\","<head>\\n\\","<meta charset=\"UTF-8\">\\n\\","<meta name=\"viewport\" content=\"width=device-width, initial-scale=1\">\\n\\","<title>{{env.npm_package_name}} (v{{env.npm_package_version}})</title>\\n\\","<style>\\n\\","/*csslint\\n\\","    box-sizing: false,\\n\\","    universal-selector: false\\n\\","*/\\n\\","* {\\n\\","    box-sizing: border-box;\\n\\","}\\n\\","body {\\n\\","    background: #dde;\\n\\","    font-family: Arial, Helvetica, sans-serif;\\n\\","    margin: 2rem;\\n\\","}\\n\\","body > * {\\n\\","    margin-bottom: 1rem;\\n\\","}\\n\\",".utility2FooterDiv {\\n\\","    margin-top: 20px;\\n\\","    text-align: center;\\n\\","}\\n\\","</style>\\n\\","<style>\\n\\","/*csslint\\n\\","*/\\n\\","textarea {\\n\\","    font-family: monospace;\\n\\","    height: 10rem;\\n\\","    width: 100%;\\n\\","}\\n\\","textarea[readonly] {\\n\\","    background: #ddd;\\n\\","}\\n\\","</style>\\n\\","</head>\\n\\","<body>\\n\\","<!-- utility2-comment\\n\\","<div id=\"ajaxProgressDiv1\" style=\"background: #d00; height: 2px; left: 0; margin: 0; padding: 0; position: fixed; top: 0; transition: background 0.5s, width 1.5s; width: 25%;\"></div>\\n\\","utility2-comment -->\\n\\","<h1>\\n\\","<!-- utility2-comment\\n\\","    <a\\n\\","        {{#if env.npm_package_homepage}}\\n\\","        href=\"{{env.npm_package_homepage}}\"\\n\\","        {{/if env.npm_package_homepage}}\\n\\","        target=\"_blank\"\\n\\","    >\\n\\","utility2-comment -->\\n\\","        {{env.npm_package_name}} (v{{env.npm_package_version}})\\n\\","<!-- utility2-comment\\n\\","    </a>\\n\\","utility2-comment -->\\n\\","</h1>\\n\\","<h3>{{env.npm_package_description}}</h3>\\n\\","<!-- utility2-comment\\n\\","<h4><a download href=\"assets.app.js\">download standalone app</a></h4>\\n\\","<button class=\"onclick onreset\" id=\"testRunButton1\">run internal test</button><br>\\n\\","<div id=\"testReportDiv1\" style=\"display: none;\"></div>\\n\\","utility2-comment -->\\n\\","\\n\\","\\n\\","\\n\\","<label>stderr and stdout</label>\\n\\","<textarea class=\"resettable\" id=\"outputTextareaStdout1\" readonly></textarea>\\n\\","<!-- utility2-comment\\n\\","{{#if isRollup}}\\n\\","<script src=\"assets.app.js\"></script>\\n\\","{{#unless isRollup}}\\n\\","utility2-comment -->\\n\\","<script src=\"assets.utility2.rollup.js\"></script>\\n\\","<script src=\"jsonp.utility2._stateInit?callback=window.utility2._stateInit\"></script>\\n\\","<script src=\"assets.npmtest_laravel_mix.rollup.js\"></script>\\n\\","<script src=\"assets.example.js\"></script>\\n\\","<script src=\"assets.test.js\"></script>\\n\\","<!-- utility2-comment\\n\\","{{/if isRollup}}\\n\\","utility2-comment -->\\n\\","<div class=\"utility2FooterDiv\">\\n\\","    [ this app was created with\\n\\","    <a href=\"https://github.com/kaizhu256/node-utility2\" target=\"_blank\">utility2</a>\\n\\","    ]\\n\\","</div>\\n\\","</body>\\n\\","</html>\\n\\","';","        /* jslint-ignore-end */","        if (local.templateRender) {","            local.assetsDict['/'] = local.templateRender(","                local.assetsDict['/assets.index.template.html'],","                {","                    env: local.objectSetDefault(local.env, {","                        npm_package_description: 'the greatest app in the world!',","                        npm_package_name: 'my-app',","                        npm_package_nameAlias: 'my_app',","                        npm_package_version: '0.0.1'","                    })","                }","            );","        } else {","            local.assetsDict['/'] = local.assetsDict['/assets.index.template.html']","                .replace((/\\{\\{env\\.(\\w+?)\\}\\}/g), function (match0, match1) {","                    // jslint-hack","                    String(match0);","                    switch (match1) {","                    case 'npm_package_description':","                        return 'the greatest app in the world!';","                    case 'npm_package_name':","                        return 'my-app';","                    case 'npm_package_nameAlias':","                        return 'my_app';","                    case 'npm_package_version':","                        return '0.0.1';","                    }","                });","        }","        // run the cli","        if (local.global.utility2_rollup || module !== require.main) {","            break;","        }","        local.assetsDict['/assets.example.js'] =","            local.assetsDict['/assets.example.js'] ||","            local.fs.readFileSync(__filename, 'utf8');","        // bug-workaround - long $npm_package_buildCustomOrg","        /* jslint-ignore-begin */","        local.assetsDict['/assets.npmtest_laravel_mix.rollup.js'] =","            local.assetsDict['/assets.npmtest_laravel_mix.rollup.js'] ||","            local.fs.readFileSync(","                local.npmtest_laravel_mix.__dirname + '/lib.npmtest_laravel_mix.js',","                'utf8'","            ).replace((/^#!/), '//');","        /* jslint-ignore-end */","        local.assetsDict['/favicon.ico'] = local.assetsDict['/favicon.ico'] || '';","        // if $npm_config_timeout_exit exists,","        // then exit this process after $npm_config_timeout_exit ms","        if (Number(process.env.npm_config_timeout_exit)) {","            setTimeout(process.exit, Number(process.env.npm_config_timeout_exit));","        }","        // start server","        if (local.global.utility2_serverHttp1) {","            break;","        }","        process.env.PORT = process.env.PORT || '8081';","        console.error('server starting on port ' + process.env.PORT);","        local.http.createServer(function (request, response) {","            request.urlParsed = local.url.parse(request.url);","            if (local.assetsDict[request.urlParsed.pathname] !== undefined) {","                response.end(local.assetsDict[request.urlParsed.pathname]);","                return;","            }","            response.statusCode = 404;","            response.end();","        }).listen(process.env.PORT);","        break;","    }","}());",""],"l":{"26":2,"28":2,"33":2,"35":2,"37":2,"38":2,"39":2,"44":1,"51":2,"55":2,"59":2,"61":2,"69":1,"70":2,"76":2,"79":2,"82":2,"83":2,"85":1,"89":2,"92":1,"93":1,"94":1,"96":1,"97":1,"100":1,"101":1,"103":1,"106":1,"108":2,"114":1,"116":1,"118":1,"123":1,"124":2,"125":2,"126":3,"127":3,"128":3,"129":3,"130":1,"133":3,"134":3,"139":3,"143":1,"144":3,"145":1,"149":1,"150":1,"158":1,"160":1,"161":1,"162":1,"164":1,"166":1,"258":1,"259":1,"271":1,"274":6,"275":6,"277":1,"279":2,"281":1,"283":2,"288":1,"289":1,"291":1,"296":1,"303":1,"306":1,"307":1,"310":1,"311":1,"313":1,"314":1,"315":1,"316":1,"317":1,"318":1,"319":1,"321":1,"322":1,"324":1}},"/home/travis/build/npmtest/node-npmtest-laravel-mix/node_modules/laravel-mix/src/index.js":{"path":"/home/travis/build/npmtest/node-npmtest-laravel-mix/node_modules/laravel-mix/src/index.js","s":{"1":1,"2":1,"3":1,"4":1,"5":1,"6":1,"7":1,"8":1,"9":1,"10":1,"11":1},"b":{},"f":{},"fnMap":{},"statementMap":{"1":{"start":{"line":1,"column":0},"end":{"line":1,"column":38}},"2":{"start":{"line":2,"column":0},"end":{"line":2,"column":34}},"3":{"start":{"line":3,"column":0},"end":{"line":3,"column":30}},"4":{"start":{"line":4,"column":0},"end":{"line":4,"column":40}},"5":{"start":{"line":5,"column":0},"end":{"line":5,"column":46}},"6":{"start":{"line":6,"column":0},"end":{"line":6,"column":32}},"7":{"start":{"line":8,"column":0},"end":{"line":8,"column":33}},"8":{"start":{"line":12,"column":0},"end":{"line":12,"column":51}},"9":{"start":{"line":13,"column":0},"end":{"line":13,"column":25}},"10":{"start":{"line":16,"column":0},"end":{"line":16,"column":28}},"11":{"start":{"line":19,"column":0},"end":{"line":29,"column":2}}},"branchMap":{},"code":["global.options = require('./Options');","global.entry = require('./Entry');","global.path = require('path');","global.Paths = new (require('./Paths'));","global.events = new (require('./Dispatcher'));","global.File = require('./File');","","let mix = new (require('./Mix'));","","// The default export for this module will in fact","// be the fluent API for your webpack.mix.js file.","module.exports = api = new (require('./Api'))(mix);","module.exports.mix = api; // Deprecated.","","// However, you can access the Mix instance like this:","module.exports.config = mix;","","// We'll export a handful of common plugins for a cleaner config file.","module.exports.plugins = {","    WebpackNotifierPlugin: require('webpack-notifier'),","    WebpackOnBuildPlugin: require('on-build-webpack'),","    ExtractTextPlugin: require('extract-text-webpack-plugin'),","    FriendlyErrorsWebpackPlugin: require('friendly-errors-webpack-plugin'),","    StatsWriterPlugin: require('webpack-stats-plugin').StatsWriterPlugin,","    WebpackChunkHashPlugin: require('webpack-chunk-hash'),","    BrowserSyncPlugin: require('browser-sync-webpack-plugin'),","    CopyWebpackPlugin: require('./WebpackPlugins/CopyWebpackPlugin'),","    MockEntryPlugin: require('./WebpackPlugins/MockEntryPlugin')","};",""],"l":{"1":1,"2":1,"3":1,"4":1,"5":1,"6":1,"8":1,"12":1,"13":1,"16":1,"19":1}},"/home/travis/build/npmtest/node-npmtest-laravel-mix/node_modules/laravel-mix/src/Options.js":{"path":"/home/travis/build/npmtest/node-npmtest-laravel-mix/node_modules/laravel-mix/src/Options.js","s":{"1":1,"2":0,"3":0,"4":0,"5":0},"b":{"1":[1,1],"2":[0,0]},"f":{"1":0},"fnMap":{"1":{"name":"(anonymous_1)","line":160,"loc":{"start":{"line":160,"column":9},"end":{"line":160,"column":19}}}},"statementMap":{"1":{"start":{"line":1,"column":0},"end":{"line":169,"column":2}},"2":{"start":{"line":161,"column":8},"end":{"line":161,"column":52}},"3":{"start":{"line":163,"column":8},"end":{"line":167,"column":11}},"4":{"start":{"line":164,"column":12},"end":{"line":166,"column":13}},"5":{"start":{"line":165,"column":16},"end":{"line":165,"column":49}}},"branchMap":{"1":{"line":7,"type":"binary-expr","locations":[{"start":{"line":7,"column":18},"end":{"line":7,"column":55}},{"start":{"line":7,"column":59},"end":{"line":7,"column":86}}]},"2":{"line":164,"type":"if","locations":[{"start":{"line":164,"column":12},"end":{"line":164,"column":12}},{"start":{"line":164,"column":12},"end":{"line":164,"column":12}}]}},"code":["module.exports = {","    /**","     * Determine if webpack should be triggered in a production environment.","     *","     * @type {Booolean}","     */","    production:  (process.env.NODE_ENV === 'production' || process.argv.includes('-p')),","","","    /**","     * Determine if we should enable hot reloading.","     *","     * @type {Boolean}","     */","    hmr: process.argv.includes('--hot'),","","","    /**","     * Determine if sourcemaps should be created for the build.","     *","     * @type {Boolean}","     */","    sourcemaps: false,","","","    /**","     * Determine if notifications should be displayed for each build.","     *","     * @type {Boolean}","     */","    notifications: true,","","","    /**","     * The public path for the build.","     *","     * @type {String}","     */","    publicPath: '',","","","    /**","     * The resource root for the build.","     *","     * @type {String}","     */","    resourceRoot: '/',","","","    /**","     * The default Babel configuration.","     *","     * @type {Object}","     */","    babel: {","        cacheDirectory: true,","        presets: [","            ['env', {","                'modules': false,","                'targets': {","                    'browsers': ['> 2%'],","                    uglify: true","                }","            }]","        ]","    },","","","    /**","     * Determine if the bundled assets should be versioned.","     *","     * @type {Boolean}","     */","    versioning: false,","","","    /**","     * Whether to extract .vue component styles into a dedicated file.","     * You may provide a boolean, or a dedicated path to extract to.","     *","     * @type {Boolean|string}","     */","    extractVueStyles: false,","","","    /**","     * Determine if CSS url()s should be processed by Webpack.","     *","     * @type {Boolean}","     */","    processCssUrls: true,","","","    /**","     * Determine if Mix should remove unused selectors from your CSS bundle.","     * You may provide a boolean, or object for the Purify plugin.","     *","     * https://github.com/webpack-contrib/purifycss-webpack#options","     *","     * @type {Boolean|object}","     */","    purifyCss: false,","","","    /**","     * Uglify-specific settings for Webpack.","     *","     * See: https://github.com/mishoo/UglifyJS2#compressor-options","     *","     * @type {Object}","     */","    uglify: {","        sourceMap: true,","        compress: {","            warnings: false,","            drop_console: true","        }","    },","","","    /**","     * PostCSS plugins to be applied to compiled CSS.","     *","     * See: https://github.com/postcss/postcss/blob/master/docs/plugins.md","     *","     * @type {Array}","     */","    postCss: [","        require('autoprefixer')","    ],","","","    /**","     * vue-loader specific options.","     *","     * @type {Object}","     */","    vue: {","        preLoaders: {},","        postLoaders: {}","    },","","","    /**","     * Determine if Mix should ask the friendly errors plugin to","     * clear the console before outputting the results or not.","     *","     * https://github.com/geowarin/friendly-errors-webpack-plugin#options","     *","     * @type {Boolean}","     */","    clearConsole: true,","","","    /**","     * Merge the given options with the current defaults.","     *","     * @param {object} options","     */","    merge(options) {","        let mergeWith = require('lodash').mergeWith;","","        mergeWith(this, options, (objValue, srcValue) => {","            if (Array.isArray(objValue)) {","                return objValue.concat(srcValue);","            }","        });","    }","};",""],"l":{"1":1,"161":0,"163":0,"164":0,"165":0}},"/home/travis/build/npmtest/node-npmtest-laravel-mix/node_modules/laravel-mix/src/Entry.js":{"path":"/home/travis/build/npmtest/node-npmtest-laravel-mix/node_modules/laravel-mix/src/Entry.js","s":{"1":1,"2":1,"3":1,"4":1,"5":1,"6":1,"7":1,"8":1,"9":1,"10":1,"11":1,"12":1,"13":1,"14":1,"15":1,"16":1,"17":1,"18":0,"19":0,"20":0,"21":0,"22":0,"23":0,"24":0,"25":1,"26":0,"27":1,"28":1,"29":1,"30":1,"31":1,"32":2,"33":1,"34":1,"35":2,"36":1,"37":0,"38":1,"39":0,"40":0,"41":1},"b":{"1":[0,0],"2":[0,0],"3":[0,0],"4":[0,1],"5":[1,0],"6":[1,1]},"f":{"1":1,"2":1,"3":1,"4":0,"5":1,"6":1,"7":2,"8":1,"9":0,"10":1,"11":0,"12":0},"fnMap":{"1":{"name":"(anonymous_1)","line":8,"loc":{"start":{"line":8,"column":15},"end":{"line":8,"column":18}}},"2":{"name":"(anonymous_2)","line":21,"loc":{"start":{"line":21,"column":13},"end":{"line":21,"column":29}}},"3":{"name":"(anonymous_3)","line":48,"loc":{"start":{"line":48,"column":17},"end":{"line":48,"column":31}}},"4":{"name":"(anonymous_4)","line":63,"loc":{"start":{"line":63,"column":13},"end":{"line":63,"column":28}}},"5":{"name":"(anonymous_5)","line":89,"loc":{"start":{"line":89,"column":13},"end":{"line":89,"column":22}}},"6":{"name":"(anonymous_6)","line":106,"loc":{"start":{"line":106,"column":19},"end":{"line":106,"column":35}}},"7":{"name":"(anonymous_7)","line":122,"loc":{"start":{"line":122,"column":7},"end":{"line":122,"column":10}}},"8":{"name":"(anonymous_8)","line":136,"loc":{"start":{"line":136,"column":18},"end":{"line":136,"column":21}}},"9":{"name":"(anonymous_9)","line":144,"loc":{"start":{"line":144,"column":18},"end":{"line":144,"column":21}}},"10":{"name":"(anonymous_10)","line":155,"loc":{"start":{"line":155,"column":14},"end":{"line":155,"column":17}}},"11":{"name":"(anonymous_11)","line":163,"loc":{"start":{"line":163,"column":11},"end":{"line":163,"column":14}}},"12":{"name":"(anonymous_12)","line":171,"loc":{"start":{"line":171,"column":9},"end":{"line":171,"column":12}}}},"statementMap":{"1":{"start":{"line":1,"column":0},"end":{"line":1,"column":45}},"2":{"start":{"line":2,"column":0},"end":{"line":2,"column":33}},"3":{"start":{"line":9,"column":8},"end":{"line":9,"column":36}},"4":{"start":{"line":10,"column":8},"end":{"line":10,"column":26}},"5":{"start":{"line":11,"column":8},"end":{"line":11,"column":30}},"6":{"start":{"line":22,"column":8},"end":{"line":22,"column":33}},"7":{"start":{"line":24,"column":8},"end":{"line":26,"column":11}},"8":{"start":{"line":25,"column":12},"end":{"line":25,"column":60}},"9":{"start":{"line":28,"column":8},"end":{"line":28,"column":53}},"10":{"start":{"line":30,"column":8},"end":{"line":33,"column":10}},"11":{"start":{"line":32,"column":29},"end":{"line":32,"column":37}},"12":{"start":{"line":35,"column":8},"end":{"line":35,"column":50}},"13":{"start":{"line":36,"column":8},"end":{"line":36,"column":71}},"14":{"start":{"line":38,"column":8},"end":{"line":38,"column":20}},"15":{"start":{"line":49,"column":8},"end":{"line":49,"column":46}},"16":{"start":{"line":51,"column":8},"end":{"line":51,"column":48}},"17":{"start":{"line":53,"column":8},"end":{"line":53,"column":20}},"18":{"start":{"line":64,"column":8},"end":{"line":69,"column":9}},"19":{"start":{"line":65,"column":12},"end":{"line":68,"column":14}},"20":{"start":{"line":71,"column":8},"end":{"line":73,"column":65}},"21":{"start":{"line":75,"column":8},"end":{"line":75,"column":42}},"22":{"start":{"line":76,"column":8},"end":{"line":76,"column":68}},"23":{"start":{"line":78,"column":8},"end":{"line":78,"column":41}},"24":{"start":{"line":80,"column":8},"end":{"line":80,"column":20}},"25":{"start":{"line":90,"column":8},"end":{"line":92,"column":9}},"26":{"start":{"line":91,"column":12},"end":{"line":91,"column":64}},"27":{"start":{"line":94,"column":8},"end":{"line":97,"column":59}},"28":{"start":{"line":107,"column":8},"end":{"line":107,"column":46}},"29":{"start":{"line":109,"column":8},"end":{"line":113,"column":9}},"30":{"start":{"line":110,"column":12},"end":{"line":112,"column":26}},"31":{"start":{"line":115,"column":8},"end":{"line":115,"column":22}},"32":{"start":{"line":123,"column":8},"end":{"line":127,"column":9}},"33":{"start":{"line":124,"column":12},"end":{"line":124,"column":74}},"34":{"start":{"line":126,"column":12},"end":{"line":126,"column":47}},"35":{"start":{"line":129,"column":8},"end":{"line":129,"column":32}},"36":{"start":{"line":137,"column":8},"end":{"line":137,"column":43}},"37":{"start":{"line":147,"column":8},"end":{"line":149,"column":10}},"38":{"start":{"line":156,"column":8},"end":{"line":156,"column":39}},"39":{"start":{"line":164,"column":8},"end":{"line":164,"column":28}},"40":{"start":{"line":172,"column":8},"end":{"line":172,"column":25}},"41":{"start":{"line":176,"column":0},"end":{"line":176,"column":27}}},"branchMap":{"1":{"line":64,"type":"if","locations":[{"start":{"line":64,"column":8},"end":{"line":64,"column":8}},{"start":{"line":64,"column":8},"end":{"line":64,"column":8}}]},"2":{"line":64,"type":"binary-expr","locations":[{"start":{"line":64,"column":12},"end":{"line":64,"column":31}},{"start":{"line":64,"column":35},"end":{"line":64,"column":43}}]},"3":{"line":71,"type":"cond-expr","locations":[{"start":{"line":72,"column":14},"end":{"line":72,"column":80}},{"start":{"line":73,"column":14},"end":{"line":73,"column":64}}]},"4":{"line":90,"type":"if","locations":[{"start":{"line":90,"column":8},"end":{"line":90,"column":8}},{"start":{"line":90,"column":8},"end":{"line":90,"column":8}}]},"5":{"line":109,"type":"if","locations":[{"start":{"line":109,"column":8},"end":{"line":109,"column":8}},{"start":{"line":109,"column":8},"end":{"line":109,"column":8}}]},"6":{"line":123,"type":"if","locations":[{"start":{"line":123,"column":8},"end":{"line":123,"column":8}},{"start":{"line":123,"column":8},"end":{"line":123,"column":8}}]}},"code":["let Collection = new require('./Collection');","let Verify = require('./Verify');","","class Entry {","    /**","     * Create a new Entry instance.","     */","    constructor() {","        this.entry = new Collection;","        this.scripts = [];","        this.extractions = [];","    }","","","    /**","     * Add a script to the entry.","     *","     * @param {string|array} entry","     * @param {string} output","     */","    addScript(entry, output) {","        Verify.js(entry, output);","","        entry = [].concat(entry).map(file => {","            return new File(path.resolve(file)).parsePath();","        });","","        output = this.normalizeOutput(output, entry);","","        this.entry.add(","            this.entryName(output),","            entry.map(src => src.path)","        );","","        this.scripts = this.scripts.concat(entry);","        this.base = output.base.replace(global.options.publicPath, '');","","        return this;","    }","","","    /**","     * Add a stylesheet to the entry.","     *","     * @param {string} src","     * @param {string} output","     */","    addStylesheet(src, output) {","        let name = Object.keys(this.get())[0];","","        this.entry.add(name, path.resolve(src));","","        return this;","    }","","","    /**","     * Add a set of vendor extractions to the entry.","     *","     * @param {array} libs","     * @param {string|null} output","     */","    addVendor(libs, output) {","        if (! this.hasScripts() && ! output) {","            throw new Error(","                'Please provide an output path as the second argument to ' +","                'mix.extract(),  or call mix.js() first.'","            );","        }","","        let vendorPath = output","            ? output.replace(/\\.js$/, '').replace(global.options.publicPath, '')","            : path.join(this.base, 'vendor').replace(/\\\\/g, '/');","","        this.extractions.push(vendorPath);","        this.extractionBase = new File(vendorPath).parsePath().base;","","        this.entry.add(vendorPath, libs);","","        return this;","    }","","","    /**","     * Calculate the entry named from the output path.","     *","     * @param {object} output","     */","    entryName(output) {","        if (typeof output === 'string') {","            output = new File(path.resolve(output)).parsePath();","        }","","        return output.pathWithoutExt","            .replace(/\\\\/g, '/')","            .replace(/\\.js$/, '')","            .replace(global.options.publicPath + '/', '/');","    }","","    /**","     * Normalize the full output path.","     *","     * @param {string} output","     * @param {string|array} entry","     */","    normalizeOutput(output, entry) {","        output = new File(output).parsePath();","","        if (output.isDir) {","            output = new File(","                path.join(output.path, entry[0].file)","            ).parsePath();","        }","","        return output;","    }","","","    /**","     * Fetch the Webpack-ready entry object.","     */","    get() {","        if (! this.entry.any()) {","            let file = new File(path.resolve(__dirname, 'mock-entry.js'));","","            this.entry.add('mix', file.path());","        }","","        return this.entry.get();","    }","","","    /**","     * Determine if there are any registered vendor extractions.","     */","    hasExtractions() {","        return this.extractions.length > 0;","    }","","","    /**","     * Fetch the vendor extractions list.","     */","    getExtractions() {","        // We also need to extract webpack's manifest file,","        // so that it doesn't bust the cache.","        return this.extractions.concat(","            path.join(this.extractionBase, 'manifest').replace(/\\\\/g, '/')","        );","    }","","    /**","     * Determine if the requested entry includes script compilation.","     */","    hasScripts() {","        return this.scripts.length > 0;","    }","","","    /**","     * Fetch the user requested script compilations.","     */","    scripts() {","        return this.scripts;","    }","","","    /**","     * Reset the entry object.","     */","    reset() {","        return new Entry;","    }","}","","module.exports = new Entry;",""],"l":{"1":1,"2":1,"9":1,"10":1,"11":1,"22":1,"24":1,"25":1,"28":1,"30":1,"32":1,"35":1,"36":1,"38":1,"49":1,"51":1,"53":1,"64":0,"65":0,"71":0,"75":0,"76":0,"78":0,"80":0,"90":1,"91":0,"94":1,"107":1,"109":1,"110":1,"115":1,"123":2,"124":1,"126":1,"129":2,"137":1,"147":0,"156":1,"164":0,"172":0,"176":1}},"/home/travis/build/npmtest/node-npmtest-laravel-mix/node_modules/laravel-mix/src/Collection.js":{"path":"/home/travis/build/npmtest/node-npmtest-laravel-mix/node_modules/laravel-mix/src/Collection.js","s":{"1":1,"2":3,"3":2,"4":3,"5":4,"6":2,"7":0,"8":0,"9":1},"b":{"1":[2,1]},"f":{"1":1,"2":3,"3":4,"4":2,"5":0},"fnMap":{"1":{"name":"(anonymous_1)","line":7,"loc":{"start":{"line":7,"column":15},"end":{"line":7,"column":28}}},"2":{"name":"(anonymous_2)","line":18,"loc":{"start":{"line":18,"column":7},"end":{"line":18,"column":21}}},"3":{"name":"(anonymous_3)","line":32,"loc":{"start":{"line":32,"column":7},"end":{"line":32,"column":10}}},"4":{"name":"(anonymous_4)","line":40,"loc":{"start":{"line":40,"column":7},"end":{"line":40,"column":10}}},"5":{"name":"(anonymous_5)","line":48,"loc":{"start":{"line":48,"column":9},"end":{"line":48,"column":12}}}},"statementMap":{"1":{"start":{"line":8,"column":8},"end":{"line":8,"column":27}},"2":{"start":{"line":19,"column":8},"end":{"line":21,"column":9}},"3":{"start":{"line":20,"column":12},"end":{"line":20,"column":34}},"4":{"start":{"line":23,"column":8},"end":{"line":23,"column":58}},"5":{"start":{"line":33,"column":8},"end":{"line":33,"column":26}},"6":{"start":{"line":41,"column":8},"end":{"line":41,"column":50}},"7":{"start":{"line":49,"column":8},"end":{"line":49,"column":24}},"8":{"start":{"line":51,"column":8},"end":{"line":51,"column":20}},"9":{"start":{"line":55,"column":0},"end":{"line":55,"column":28}}},"branchMap":{"1":{"line":19,"type":"if","locations":[{"start":{"line":19,"column":8},"end":{"line":19,"column":8}},{"start":{"line":19,"column":8},"end":{"line":19,"column":8}}]}},"code":["class Collection {","    /**","     * Create a new Collection instance.","     *","     * @param {object} items","     */","    constructor(items = {}) {","        this.items = items;","    }","","","    /**","     * Add a new key-value pair to the collection.","     *","     * @param {string}       name","     * @param {string|Array} files","     */","    add(name, files) {","        if (! this.items[name]) {","            this.items[name] = [];","        }","","        this.items[name] = this.items[name].concat(files);","    }","","","    /**","     * Get the underlying items for the collection.","     *","     * @return {Array}","     */","    get() {","        return this.items;","    }","","","    /**","     * Determine if there are any items in the collection.","     */","    any() {","        return Object.keys(this.get()).length > 0;","    }","","","    /**","     * Empty the collection.","     */","    empty() {","        this.items = {};","","        return this;","    }","}","","module.exports = Collection;",""],"l":{"8":1,"19":3,"20":2,"23":3,"33":4,"41":2,"49":0,"51":0,"55":1}},"/home/travis/build/npmtest/node-npmtest-laravel-mix/node_modules/laravel-mix/src/Verify.js":{"path":"/home/travis/build/npmtest/node-npmtest-laravel-mix/node_modules/laravel-mix/src/Verify.js","s":{"1":1,"2":1,"3":1,"4":1,"5":1,"6":1,"7":0,"8":0,"9":0,"10":0,"11":0,"12":0,"13":0,"14":0,"15":1},"b":{"1":[1,0],"2":[0,0],"3":[0,0]},"f":{"1":1,"2":1,"3":0,"4":0},"fnMap":{"1":{"name":"(anonymous_1)","line":11,"loc":{"start":{"line":11,"column":13},"end":{"line":11,"column":29}}},"2":{"name":"(anonymous_2)","line":31,"loc":{"start":{"line":31,"column":23},"end":{"line":31,"column":43}}},"3":{"name":"(anonymous_3)","line":49,"loc":{"start":{"line":49,"column":18},"end":{"line":49,"column":25}}},"4":{"name":"(anonymous_4)","line":64,"loc":{"start":{"line":64,"column":21},"end":{"line":64,"column":75}}}},"statementMap":{"1":{"start":{"line":1,"column":0},"end":{"line":1,"column":31}},"2":{"start":{"line":2,"column":0},"end":{"line":2,"column":45}},"3":{"start":{"line":12,"column":8},"end":{"line":15,"column":10}},"4":{"start":{"line":17,"column":8},"end":{"line":20,"column":10}},"5":{"start":{"line":32,"column":8},"end":{"line":35,"column":10}},"6":{"start":{"line":37,"column":8},"end":{"line":40,"column":10}},"7":{"start":{"line":50,"column":8},"end":{"line":53,"column":10}},"8":{"start":{"line":65,"column":8},"end":{"line":80,"column":9}},"9":{"start":{"line":66,"column":12},"end":{"line":66,"column":40}},"10":{"start":{"line":68,"column":12},"end":{"line":71,"column":14}},"11":{"start":{"line":73,"column":12},"end":{"line":73,"column":33}},"12":{"start":{"line":75,"column":12},"end":{"line":79,"column":13}},"13":{"start":{"line":76,"column":16},"end":{"line":76,"column":63}},"14":{"start":{"line":78,"column":15},"end":{"line":78,"column":30}},"15":{"start":{"line":84,"column":0},"end":{"line":84,"column":24}}},"branchMap":{"1":{"line":13,"type":"binary-expr","locations":[{"start":{"line":13,"column":12},"end":{"line":13,"column":37}},{"start":{"line":13,"column":41},"end":{"line":13,"column":61}}]},"2":{"line":51,"type":"binary-expr","locations":[{"start":{"line":51,"column":12},"end":{"line":51,"column":16}},{"start":{"line":51,"column":20},"end":{"line":51,"column":39}}]},"3":{"line":75,"type":"if","locations":[{"start":{"line":75,"column":12},"end":{"line":75,"column":12}},{"start":{"line":75,"column":12},"end":{"line":75,"column":12}}]}},"code":["let assert = require('assert');","let exec = require('child_process').execSync;","","class Verify {","    /**","     * Verify that the call the mix.js() is valid.","     *","     * @param {*} entry","     * @param {*} output","     */","    static js(entry, output) {","        assert(","            typeof entry === 'string' || Array.isArray(entry),","            'mix.js() is missing required parameter 1: entry'","        );","","        assert(","            typeof output === 'string',","            'mix.js() is missing required parameter 2: output'","        );","    }","","","    /**","     * Verify that the calls the mix.sass() and mix.less() are valid.","     *","     * @param {string} type","     * @param {string} src","     * @param {string} output","     */","    static preprocessor(type, src, output) {","        assert(","            typeof src === 'string',","            `mix.${type}() is missing required parameter 1: src`","        );","","        assert(","            typeof output === 'string',","            `mix.${type}() is missing required parameter 2: output`","        );","    }","","","    /**","     * Verify that the call the mix.extract() is valid.","     *","     * @param {Array} libs","     */","    static extract(libs) {","        assert(","            libs && Array.isArray(libs),","            'mix.extract() requires an array as its first parameter.'","        );","    }","","","    /**","     * Verify that the necessary dependency is available.","     *","     * @param {string}  dependency","     * @param {string}  installCommand","     * @param {Boolean} abortOnComplete","     */","    static dependency(dependency, installCommand, abortOnComplete = false) {","        try {","            require.resolve(dependency);","        } catch (e) {","            console.log(","                'Additional dependencies must be installed. ' +","                'This will only take a moment.'","            );","","            exec(installCommand);","","            if (abortOnComplete) {","                console.log('Finished. Please run Mix again.');","","               process.exit();","            }","        }","    }","}","","module.exports = Verify;",""],"l":{"1":1,"2":1,"12":1,"17":1,"32":1,"37":1,"50":0,"65":0,"66":0,"68":0,"73":0,"75":0,"76":0,"78":0,"84":1}},"/home/travis/build/npmtest/node-npmtest-laravel-mix/node_modules/laravel-mix/src/Paths.js":{"path":"/home/travis/build/npmtest/node-npmtest-laravel-mix/node_modules/laravel-mix/src/Paths.js","s":{"1":1,"2":0,"3":0,"4":1,"5":6,"6":1},"b":{},"f":{"1":1,"2":0,"3":1,"4":6},"fnMap":{"1":{"name":"(anonymous_1)","line":5,"loc":{"start":{"line":5,"column":15},"end":{"line":5,"column":18}}},"2":{"name":"(anonymous_2)","line":15,"loc":{"start":{"line":15,"column":15},"end":{"line":15,"column":22}}},"3":{"name":"(anonymous_3)","line":25,"loc":{"start":{"line":25,"column":7},"end":{"line":25,"column":10}}},"4":{"name":"(anonymous_4)","line":35,"loc":{"start":{"line":35,"column":8},"end":{"line":35,"column":22}}}},"statementMap":{"1":{"start":{"line":6,"column":8},"end":{"line":6,"column":61}},"2":{"start":{"line":16,"column":8},"end":{"line":16,"column":29}},"3":{"start":{"line":18,"column":8},"end":{"line":18,"column":20}},"4":{"start":{"line":26,"column":8},"end":{"line":26,"column":40}},"5":{"start":{"line":36,"column":8},"end":{"line":36,"column":51}},"6":{"start":{"line":40,"column":0},"end":{"line":40,"column":23}}},"branchMap":{},"code":["class Paths {","    /**","     * Create a new Paths instance.","     */","    constructor() {","        this.rootPath = path.resolve(__dirname, '../../../');","    }","","","    /**","     * Set the root path to resolve webpack.mix.js.","     *","     * @param {string} path","     */","    setRootPath(path) {","        this.rootPath = path;","","        return this;","    }","","","    /**","     * Determine the path to the user's webpack.mix.js file.","     */","    mix() {","        return this.root('webpack.mix');","    }","","","    /**","     * Determine the project root.","     *","     * @param {string|null} append","     */","    root(append = '') {","        return path.resolve(this.rootPath, append);","    }","}","","module.exports = Paths;",""],"l":{"6":1,"16":0,"18":0,"26":1,"36":6,"40":1}},"/home/travis/build/npmtest/node-npmtest-laravel-mix/node_modules/laravel-mix/src/Dispatcher.js":{"path":"/home/travis/build/npmtest/node-npmtest-laravel-mix/node_modules/laravel-mix/src/Dispatcher.js","s":{"1":1,"2":4,"3":4,"4":4,"5":4,"6":1,"7":0,"8":1,"9":1,"10":0,"11":1},"b":{"1":[4,4],"2":[0,1]},"f":{"1":1,"2":4,"3":1,"4":0},"fnMap":{"1":{"name":"(anonymous_1)","line":5,"loc":{"start":{"line":5,"column":15},"end":{"line":5,"column":18}}},"2":{"name":"(anonymous_2)","line":16,"loc":{"start":{"line":16,"column":10},"end":{"line":16,"column":28}}},"3":{"name":"(anonymous_3)","line":33,"loc":{"start":{"line":33,"column":8},"end":{"line":33,"column":22}}},"4":{"name":"(anonymous_4)","line":43,"loc":{"start":{"line":43,"column":7},"end":{"line":43,"column":10}}}},"statementMap":{"1":{"start":{"line":6,"column":8},"end":{"line":6,"column":25}},"2":{"start":{"line":17,"column":8},"end":{"line":17,"column":35}},"3":{"start":{"line":19,"column":8},"end":{"line":21,"column":11}},"4":{"start":{"line":20,"column":12},"end":{"line":20,"column":76}},"5":{"start":{"line":23,"column":8},"end":{"line":23,"column":20}},"6":{"start":{"line":34,"column":8},"end":{"line":34,"column":47}},"7":{"start":{"line":34,"column":34},"end":{"line":34,"column":47}},"8":{"start":{"line":36,"column":8},"end":{"line":36,"column":61}},"9":{"start":{"line":36,"column":46},"end":{"line":36,"column":59}},"10":{"start":{"line":44,"column":8},"end":{"line":44,"column":27}},"11":{"start":{"line":48,"column":0},"end":{"line":48,"column":28}}},"branchMap":{"1":{"line":20,"type":"binary-expr","locations":[{"start":{"line":20,"column":34},"end":{"line":20,"column":52}},{"start":{"line":20,"column":56},"end":{"line":20,"column":58}}]},"2":{"line":34,"type":"if","locations":[{"start":{"line":34,"column":8},"end":{"line":34,"column":8}},{"start":{"line":34,"column":8},"end":{"line":34,"column":8}}]}},"code":["class Dispatcher {","    /**","     * Create a new Dispatcher instance.","     */","    constructor() {","        this.events = {};","    }","","","    /**","     * Listen for the given event.","     *","     * @param {string|Array}   events","     * @param {Function}       handler","     */","    listen(events, handler) {","        events = [].concat(events);","","        events.forEach(event => {","            this.events[event] = (this.events[event] || []).concat(handler);","        });","","        return this;","    }","","","    /**","     * Trigger all handlers for the given event.","     *","     * @param {string} event","     * @param {*} data","     */","    fire(event, data) {","        if (! this.events[event]) return false;","","        this.events[event].forEach(handler => handler(data));","    }","","","    /**","     * Fetch 
[...]
rs/StandaloneSass.js":{"path":"/home/travis/build/npmtest/node-npmtest-laravel-mix/node_modules/laravel-mix/src/Preprocessors/StandaloneSass.js","s":{"1":1,"2":1,"3":1,"4":1,"5":0,"6":0,"7":0,"8":0,"9":0,"10":0,"11":0,"12":0,"13":0,"14":0,"15":0,"16":0,"17":0,"18":0,"19":0,"20":0,"21":0,"22":0,"23":0,"24":0,"25":0,"26":0,"27":0,"28":0,"29":0,"30":0,"31":0,"32":0,"33":0,"34":0,"35":0,"36":0,"37":0,"38":0,"39":0,"40":0,"41":0,"42":0,"43":0,"44":0,"45":0,"46":0,"47":0,"48":0,"49":0,"50":0,"51":0,"52":0,"53":0,"54":0,"55":0,"56":0,"57":1},"b":{"1":[0,0],"2":[0,0],"3":[0,0],"4":[0,0],"5":[0,0],"6":[0,0],"7":[0,0],"8":[0,0],"9":[0,0],"10":[0,0],"11":[0,0],"12":[0,0],"13":[0,0],"14":[0,0],"15":[0,0]},"f":{"1":0,"2":0,"3":0,"4":0,"5":0,"6":0,"7":0,"8":0},"fnMap":{"1":{"name":"(anonymous_1)","line":14,"loc":{"start":{"line":14,"column":15},"end":{"line":14,"column":44}}},"2":{"name":"(anonymous_2)","line":34,"loc":{"start":{"line":34,"column":7},"end":{"line":34,"column":10}}},"3":{"name":"(anonymous_3)","line":46,"loc":{"start":{"line":46,"column":11},"end":{"line":46,"column":27}}},"4":{"name":"(anonymous_4)","line":70,"loc":{"start":{"line":70,"column":11},"end":{"line":70,"column":19}}},"5":{"name":"(anonymous_5)","line":95,"loc":{"start":{"line":95,"column":9},"end":{"line":95,"column":12}}},"6":{"name":"(anonymous_6)","line":105,"loc":{"start":{"line":105,"column":25},"end":{"line":105,"column":36}}},"7":{"name":"(anonymous_7)","line":123,"loc":{"start":{"line":123,"column":13},"end":{"line":123,"column":22}}},"8":{"name":"(anonymous_8)","line":146,"loc":{"start":{"line":146,"column":10},"end":{"line":146,"column":19}}}},"statementMap":{"1":{"start":{"line":1,"column":0},"end":{"line":1,"column":30}},"2":{"start":{"line":2,"column":0},"end":{"line":2,"column":27}},"3":{"start":{"line":3,"column":0},"end":{"line":3,"column":43}},"4":{"start":{"line":4,"column":0},"end":{"line":4,"column":40}},"5":{"start":{"line":15,"column":8},"end":{"line":15,"column":54}},"6":{"start":{"line":16,"column":8},"end":{"line":16,"column":46}},"7":{"start":{"line":18,"column":8},"end":{"line":22,"column":9}},"8":{"start":{"line":19,"column":12},"end":{"line":21,"column":26}},"9":{"start":{"line":24,"column":8},"end":{"line":24,"column":23}},"10":{"start":{"line":25,"column":8},"end":{"line":25,"column":29}},"11":{"start":{"line":26,"column":8},"end":{"line":26,"column":43}},"12":{"start":{"line":27,"column":8},"end":{"line":27,"column":60}},"13":{"start":{"line":35,"column":8},"end":{"line":35,"column":23}},"14":{"start":{"line":37,"column":8},"end":{"line":37,"column":43}},"15":{"start":{"line":37,"column":30},"end":{"line":37,"column":43}},"16":{"start":{"line":47,"column":8},"end":{"line":47,"column":38}},"17":{"start":{"line":49,"column":8},"end":{"line":51,"column":9}},"18":{"start":{"line":50,"column":12},"end":{"line":50,"column":59}},"19":{"start":{"line":53,"column":8},"end":{"line":55,"column":10}},"20":{"start":{"line":57,"column":8},"end":{"line":60,"column":11}},"21":{"start":{"line":58,"column":12},"end":{"line":58,"column":55}},"22":{"start":{"line":58,"column":35},"end":{"line":58,"column":55}},"23":{"start":{"line":59,"column":12},"end":{"line":59,"column":60}},"24":{"start":{"line":59,"column":37},"end":{"line":59,"column":60}},"25":{"start":{"line":62,"column":8},"end":{"line":62,"column":20}},"26":{"start":{"line":71,"column":8},"end":{"line":74,"column":10}},"27":{"start":{"line":76,"column":8},"end":{"line":76,"column":47}},"28":{"start":{"line":76,"column":19},"end":{"line":76,"column":47}},"29":{"start":{"line":78,"column":8},"end":{"line":82,"column":9}},"30":{"start":{"line":79,"column":12},"end":{"line":81,"column":14}},"31":{"start":{"line":80,"column":24},"end":{"line":80,"column":66}},"32":{"start":{"line":84,"column":8},"end":{"line":86,"column":9}},"33":{"start":{"line":85,"column":12},"end":{"line":85,"column":51}},"34":{"start":{"line":88,"column":8},"end":{"line":88,"column":27}},"35":{"start":{"line":96,"column":8},"end":{"line":96,"column":34}},"36":{"start":{"line":106,"column":8},"end":{"line":114,"column":11}},"37":{"start":{"line":107,"column":12},"end":{"line":107,"column":39}},"38":{"start":{"line":109,"column":12},"end":{"line":109,"column":33}},"39":{"start":{"line":110,"column":12},"end":{"line":110,"column":54}},"40":{"start":{"line":110,"column":38},"end":{"line":110,"column":54}},"41":{"start":{"line":111,"column":12},"end":{"line":111,"column":60}},"42":{"start":{"line":111,"column":42},"end":{"line":111,"column":60}},"43":{"start":{"line":113,"column":12},"end":{"line":113,"column":36}},"44":{"start":{"line":124,"column":8},"end":{"line":124,"column":26}},"45":{"start":{"line":125,"column":8},"end":{"line":125,"column":28}},"46":{"start":{"line":127,"column":8},"end":{"line":133,"column":9}},"47":{"start":{"line":128,"column":12},"end":{"line":132,"column":15}},"48":{"start":{"line":135,"column":8},"end":{"line":137,"column":10}},"49":{"start":{"line":147,"column":8},"end":{"line":147,"column":26}},"50":{"start":{"line":148,"column":8},"end":{"line":148,"column":48}},"51":{"start":{"line":149,"column":8},"end":{"line":149,"column":22}},"52":{"start":{"line":150,"column":8},"end":{"line":150,"column":28}},"53":{"start":{"line":152,"column":8},"end":{"line":159,"column":9}},"54":{"start":{"line":153,"column":12},"end":{"line":158,"column":15}},"55":{"start":{"line":161,"column":8},"end":{"line":161,"column":47}},"56":{"start":{"line":161,"column":32},"end":{"line":161,"column":47}},"57":{"start":{"line":165,"column":0},"end":{"line":165,"column":32}}},"branchMap":{"1":{"line":18,"type":"if","locations":[{"start":{"line":18,"column":8},"end":{"line":18,"column":8}},{"start":{"line":18,"column":8},"end":{"line":18,"column":8}}]},"2":{"line":37,"type":"if","locations":[{"start":{"line":37,"column":8},"end":{"line":37,"column":8}},{"start":{"line":37,"column":8},"end":{"line":37,"column":8}}]},"3":{"line":49,"type":"if","locations":[{"start":{"line":49,"column":8},"end":{"line":49,"column":8}},{"start":{"line":49,"column":8},"end":{"line":49,"column":8}}]},"4":{"line":58,"type":"if","locations":[{"start":{"line":58,"column":12},"end":{"line":58,"column":12}},{"start":{"line":58,"column":12},"end":{"line":58,"column":12}}]},"5":{"line":59,"type":"if","locations":[{"start":{"line":59,"column":12},"end":{"line":59,"column":12}},{"start":{"line":59,"column":12},"end":{"line":59,"column":12}}]},"6":{"line":73,"type":"cond-expr","locations":[{"start":{"line":73,"column":61},"end":{"line":73,"column":73}},{"start":{"line":73,"column":76},"end":{"line":73,"column":86}}]},"7":{"line":76,"type":"if","locations":[{"start":{"line":76,"column":8},"end":{"line":76,"column":8}},{"start":{"line":76,"column":8},"end":{"line":76,"column":8}}]},"8":{"line":78,"type":"if","locations":[{"start":{"line":78,"column":8},"end":{"line":78,"column":8}},{"start":{"line":78,"column":8},"end":{"line":78,"column":8}}]},"9":{"line":84,"type":"if","locations":[{"start":{"line":84,"column":8},"end":{"line":84,"column":8}},{"start":{"line":84,"column":8},"end":{"line":84,"column":8}}]},"10":{"line":84,"type":"binary-expr","locations":[{"start":{"line":84,"column":12},"end":{"line":84,"column":37}},{"start":{"line":84,"column":41},"end":{"line":84,"column":68}}]},"11":{"line":110,"type":"if","locations":[{"start":{"line":110,"column":12},"end":{"line":110,"column":12}},{"start":{"line":110,"column":12},"end":{"line":110,"column":12}}]},"12":{"line":111,"type":"if","locations":[{"start":{"line":111,"column":12},"end":{"line":111,"column":12}},{"start":{"line":111,"column":12},"end":{"line":111,"column":12}}]},"13":{"line":127,"type":"if","locations":[{"start":{"line":127,"column":8},"end":{"line":127,"column":8}},{"start":{"line":127,"column":8},"end":{"line":127,"column":8}}]},"14":{"line":152,"type":"if","locations":[{"start":{"line":152,"column":8},"end":{"line":152,"column":8}},{"start":{"line":152,"column":8},"end":{"line":152,"column":8}}]},"15":{"line":161,"type":"if","locations":[{"start":{"line":161,"column":8},"end":{"line":161,"column":8}},{"start":{"line":161,"column":8},"end":{"line":161,"column":8}}]}},"code":["let File = require('../File');","let path = require('path');","let spawn = require('child_process').spawn;","let notifier = require('node-notifier');","","class StandaloneSass {","    /**","     * Create a new StandaloneSass instance.","     *","     * @param {string} src","     * @param {string} output","     * @param {object} pluginOptions","     */","    constructor(src, output, pluginOptions) {","        src = new File(path.resolve(src)).parsePath();","        output = new File(output).parsePath();","","        if (output.isDir) {","            output = new File(","                path.join(output.path, src.name + '.css')","            ).parsePath();","        }","","        this.src = src;","        this.output = output;","        this.pluginOptions = pluginOptions;","        this.shouldWatch = process.argv.includes('--watch');","    }","","","    /**","     * Run the node-sass compiler.","     */","    run() {","        this.compile();","","        if (this.shouldWatch) this.watch();","    }","","","    /**","     * Compile Sass.","     *","     * @param {Boolean} watch","     */","    compile(watch = false) {","        let output = this.output.path;","","        if (! output.startsWith(options.publicPath)) {","            output = path.join(options.publicPath, output);","        }","","        this.command = spawn(","            'node-sass', [this.src.path, output].concat(this.options(watch)), { shell: true }","        );","","        this.whenOutputIsAvailable((output, event) => {","            if (event === 'error') this.onFail(output);","            if (event === 'success') this.onSuccess(output);","        });","","        return this;","    }","","    /**","     * Fetch the node-sass options.","     *","     * @param {Boolean} watch","     */","    options(watch) {","        let sassOptions = [","            '--precision=8',","            '--output-style=' + (global.options.production ? 'compressed' : 'expanded'),","        ];","","        if (watch) sassOptions.push('--watch');","","        if (this.pluginOptions.includePaths) {","            this.pluginOptions.includePaths.forEach(","                path => sassOptions.push('--include-path=' + path)","            );","        }","","        if (global.options.sourcemaps && ! global.options.production) {","            sassOptions.push('--source-map-embed');","        }","","        return sassOptions;","    }","","","    /**","     * Compile Sass, while registering a watcher.","     */","    watch() {","        return this.compile(true);","    }","","","    /**","     * Register a callback for when output is available.","     *","     * @param {Function} callback","     */","    whenOutputIsAvailable(callback) {","        this.command.stderr.on('data', output => {","            output = output.toString();","","            let event = 'change';","            if (/Error/.test(output)) event = 'error';","            if (/Wrote CSS/.test(output)) event = 'success';","","            callback(output, event);","        });","    }","","","    /**","     * Handle successful compilation.","     *","     * @param {string} output","     */","    onSuccess(output) {","        console.log(\"\\n\");","        console.log(output);","","        if (global.options.notifications) {","            notifier.notify({","                title: 'Laravel Mix',","                message: 'Sass Compilation Successful',","                contentImage: 'node_modules/laravel-mix/icons/laravel.png'","            });","        }","","        global.events.fire(","            'standalone-sass-compiled', File.find(this.output.path)","        );","    }","","","    /**","     * Handle failed compilation.","     *","     * @param {string} output","     */","    onFail(output) {","        console.log(\"\\n\");","        console.log('Sass Compilation Failed!');","        console.log();","        console.log(output);","","        if (global.options.notifications) {","            notifier.notify({","                title: 'Laravel Mix',","                subtitle: 'Sass Compilation Failed',","                message: JSON.parse(output).message,","                contentImage: 'node_modules/laravel-mix/icons/laravel.png'","            });","        }","","        if (! this.shouldWatch) process.exit();","    }","}","","module.exports = StandaloneSass;",""],"l":{"1":1,"2":1,"3":1,"4":1,"15":0,"16":0,"18":0,"19":0,"24":0,"25":0,"26":0,"27":0,"35":0,"37":0,"47":0,"49":0,"50":0,"53":0,"57":0,"58":0,"59":0,"62":0,"71":0,"76":0,"78":0,"79":0,"80":0,"84":0,"85":0,"88":0,"96":0,"106":0,"107":0,"109":0,"110":0,"111":0,"113":0,"124":0,"125":0,"127":0,"128":0,"135":0,"147":0,"148":0,"149":0,"150":0,"152":0,"153":0,"161":0,"165":1}},"/home/travis/build/npmtest/node-npmtest-laravel-mix/node_modules/laravel-mix/src/Preprocessors/Stylus.js":{"path":"/home/travis/build/npmtest/node-npmtest-laravel-mix/node_modules/laravel-mix/src/Preprocessors/Stylus.js","s":{"1":1,"2":0,"3":1},"b":{"1":[0,0]},"f":{"1":0},"fnMap":{"1":{"name":"(anonymous_1)","line":7,"loc":{"start":{"line":7,"column":11},"end":{"line":7,"column":24}}}},"statementMap":{"1":{"start":{"line":1,"column":0},"end":{"line":1,"column":45}},"2":{"start":{"line":8,"column":8},"end":{"line":11,"column":11}},"3":{"start":{"line":15,"column":0},"end":{"line":15,"column":24}}},"branchMap":{"1":{"line":9,"type":"cond-expr","locations":[{"start":{"line":9,"column":52},"end":{"line":9,"column":64}},{"start":{"line":9,"column":67},"end":{"line":9,"column":69}}]}},"code":["let Preprocessor = require('./Preprocessor');","","class Stylus extends Preprocessor {","    /**","     * Fetch the Webpack loaders for Stylus.","     */","    loaders(sourceMaps) {","        return [{","            loader: 'stylus-loader' + (sourceMaps ? '?sourceMap' : ''),","            options: this.pluginOptions","        }];","    }","}","","module.exports = Stylus;",""],"l":{"1":1,"8":0,"15":1}},"/home/travis/build/npmtest/node-npmtest-laravel-mix/node_modules/laravel-mix/src/Vue/ExtractTextPluginFactory.js":{"path":"/home/travis/build/npmtest/node-npmtest-laravel-mix/node_modules/laravel-mix/src/Vue/ExtractTextPluginFactory.js","s":{"1":1,"2":0,"3":0,"4":0,"5":0,"6":0,"7":0,"8":0,"9":0,"10":0,"11":0,"12":0,"13":0,"14":0,"15":0,"16":0,"17":0,"18":0,"19":0,"20":0,"21":1},"b":{"1":[0,0],"2":[0,0],"3":[0,0],"4":[0,0],"5":[0,0],"6":[0,0]},"f":{"1":0,"2":0,"3":0,"4":0,"5":0},"fnMap":{"1":{"name":"(anonymous_1)","line":9,"loc":{"start":{"line":9,"column":15},"end":{"line":9,"column":30}}},"2":{"name":"(anonymous_2)","line":24,"loc":{"start":{"line":24,"column":9},"end":{"line":24,"column":12}}},"3":{"name":"(anonymous_3)","line":42,"loc":{"start":{"line":42,"column":24},"end":{"line":42,"column":27}}},"4":{"name":"(anonymous_4)","line":52,"loc":{"start":{"line":52,"column":13},"end":{"line":52,"column":16}}},"5":{"name":"(anonymous_5)","line":62,"loc":{"start":{"line":62,"column":14},"end":{"line":62,"column":17}}}},"statementMap":{"1":{"start":{"line":1,"column":0},"end":{"line":1,"column":65}},"2":{"start":{"line":10,"column":8},"end":{"line":14,"column":9}},"3":{"start":{"line":11,"column":12},"end":{"line":11,"column":75}},"4":{"start":{"line":13,"column":12},"end":{"line":13,"column":35}},"5":{"start":{"line":16,"column":8},"end":{"line":16,"column":23}},"6":{"start":{"line":17,"column":8},"end":{"line":17,"column":28}},"7":{"start":{"line":25,"column":8},"end":{"line":32,"column":9}},"8":{"start":{"line":27,"column":12},"end":{"line":27,"column":85}},"9":{"start":{"line":27,"column":33},"end":{"line":27,"column":85}},"10":{"start":{"line":31,"column":12},"end":{"line":31,"column":69}},"11":{"start":{"line":31,"column":45},"end":{"line":31,"column":69}},"12":{"start":{"line":35,"column":8},"end":{"line":35,"column":59}},"13":{"start":{"line":43,"column":8},"end":{"line":45,"column":10}},"14":{"start":{"line":44,"column":28},"end":{"line":44,"column":66}},"15":{"start":{"line":53,"column":8},"end":{"line":55,"column":29}},"16":{"start":{"line":54,"column":28},"end":{"line":54,"column":90}},"17":{"start":{"line":63,"column":8},"end":{"line":63,"column":55}},"18":{"start":{"line":65,"column":8},"end":{"line":65,"column":71}},"19":{"start":{"line":66,"column":8},"end":{"line":66,"column":76}},"20":{"start":{"line":68,"column":8},"end":{"line":68,"column":76}},"21":{"start":{"line":72,"column":0},"end":{"line":72,"column":42}}},"branchMap":{"1":{"line":10,"type":"if","locations":[{"start":{"line":10,"column":8},"end":{"line":10,"column":8}},{"start":{"line":10,"column":8},"end":{"line":10,"column":8}}]},"2":{"line":11,"type":"binary-expr","locations":[{"start":{"line":11,"column":32},"end":{"line":11,"column":49}},{"start":{"line":11,"column":53},"end":{"line":11,"column":55}}]},"3":{"line":25,"type":"if","locations":[{"start":{"line":25,"column":8},"end":{"line":25,"column":8}},{"start":{"line":25,"column":8},"end":{"line":25,"column":8}}]},"4":{"line":27,"type":"if","locations":[{"start":{"line":27,"column":12},"end":{"line":27,"column":12}},{"start":{"line":27,"column":12},"end":{"line":27,"column":12}}]},"5":{"line":31,"type":"if","locations":[{"start":{"line":31,"column":12},"end":{"line":31,"column":12}},{"start":{"line":31,"column":12},"end":{"line":31,"column":12}}]},"6":{"line":66,"type":"cond-expr","locations":[{"start":{"line":66,"column":54},"end":{"line":66,"column":66}},{"start":{"line":66,"column":69},"end":{"line":66,"column":75}}]}},"code":["let WebpackExtractPlugin = require('extract-text-webpack-plugin')","","class ExtractTextPluginFactory {","    /**","     * Create a new class instance.","     *","     * @param {string|boolean} cssPath","     */","    constructor(mix, cssPath) {","        if (typeof cssPath === 'boolean') {","            cssPath = path.join(global.entry.base || '', 'vue-styles.css');","","            this.useDefault = true;","        }","","        this.mix = mix;","        this.path = cssPath;","    }","","","    /**","     * Build up the necessary ExtractTextPlugin instance.","     */","    build() {","        if (this.mix.preprocessors) {","            // If no output path is provided, we can use the default plugin.","            if (this.useDefault) return this.mix.preprocessors[0].getExtractPlugin();","","            // If what the user passed matches the output to mix.preprocessor(),","            // then we can use that plugin instead and append to it.","            if (this.pluginIsAlreadyBuilt()) return this.getPlugin();","        }","","        // Otherwise, we'll setup a new plugin to toss the styles into it.","        return new WebpackExtractPlugin(this.outputPath());","    }","","","    /**","     * Check if the the provided path is already registered as an extract instance.","     */","    pluginIsAlreadyBuilt() {","        return this.mix.preprocessors.find(","            preprocessor => preprocessor.output.path === this.path","        );","    }","","","    /**","     * Fetch the Extract plugin instance that matches the current output path.","     */","    getPlugin() {","        return this.mix.preprocessors.find(","            preprocessor => preprocessor.getExtractPlugin().filename === this.outputPath()","        ).getExtractPlugin();","    }","","","    /**","     * Prepare the appropriate output path.","     */","    outputPath() {","        let segments = new File(this.path).parsePath();","","        let regex = new RegExp('^(\\.\\/)?' + global.options.publicPath);","        let pathVariant = global.options.versioning ? 'hashedPath' : 'path';","","        return segments[pathVariant].replace(regex, '').replace(/\\\\/g, '/');","    }","}","","module.exports = ExtractTextPluginFactory;",""],"l":{"1":1,"10":0,"11":0,"13":0,"16":0,"17":0,"25":0,"27":0,"31":0,"35":0,"43":0,"44":0,"53":0,"54":0,"63":0,"65":0,"66":0,"68":0,"72":1}}}